TN:
SF:components/ui/Alert.tsx
FN:17,Alert
FNF:1
FNH:1
FNDA:10,Alert
DA:1,1
DA:2,1
DA:3,1
DA:4,1
DA:5,1
DA:6,1
DA:7,1
DA:8,1
DA:9,1
DA:10,1
DA:11,1
DA:12,1
DA:13,1
DA:14,1
DA:15,1
DA:16,1
DA:17,1
DA:18,10
DA:19,10
DA:20,10
DA:21,10
DA:22,10
DA:23,10
DA:24,10
DA:25,10
DA:26,10
DA:27,10
DA:28,10
DA:29,10
LF:29
LH:29
BRDA:17,0,0,10
BRF:1
BRH:1
end_of_record
TN:
SF:components/ui/Badge.tsx
FN:18,Badge
FNF:1
FNH:1
FNDA:235,Badge
DA:1,1
DA:2,1
DA:3,1
DA:4,1
DA:5,1
DA:6,1
DA:7,1
DA:8,1
DA:9,1
DA:10,1
DA:11,1
DA:12,1
DA:13,1
DA:14,1
DA:15,1
DA:16,1
DA:17,1
DA:18,1
DA:19,235
DA:20,235
DA:21,235
DA:22,235
DA:23,235
DA:24,235
DA:25,235
DA:26,235
DA:27,235
DA:28,235
DA:29,235
DA:30,235
DA:31,235
LF:31
LH:31
BRDA:18,0,0,235
BRF:1
BRH:1
end_of_record
TN:
SF:components/ui/Button.tsx
FNF:0
FNH:0
DA:1,1
DA:2,1
DA:3,1
DA:4,1
DA:5,1
DA:6,1
DA:7,1
DA:8,1
DA:9,1
DA:10,1
DA:11,1
DA:12,1
DA:13,1
DA:14,1
DA:15,1
DA:16,1
DA:17,1
DA:18,1
DA:19,1
DA:20,1
DA:21,1
DA:22,1
DA:23,1
DA:24,1
DA:25,1
DA:26,1
DA:27,1
DA:28,1
DA:29,1
DA:30,1
DA:31,1
DA:32,1
DA:33,1
DA:34,1
DA:35,1
DA:36,401
DA:37,401
DA:38,401
DA:39,401
DA:40,401
DA:41,401
DA:42,401
DA:43,401
DA:44,401
DA:45,401
DA:46,401
DA:47,401
DA:48,401
DA:49,401
DA:50,401
DA:51,401
DA:52,401
DA:53,401
DA:54,401
DA:55,401
DA:56,401
DA:57,401
DA:58,401
DA:59,401
DA:60,401
DA:61,401
DA:62,401
DA:63,401
DA:64,401
DA:65,401
DA:66,401
DA:67,401
DA:68,1
DA:69,1
DA:70,1
LF:70
LH:70
BRDA:35,0,0,401
BRDA:51,1,0,370
BRDA:58,2,0,19
BRF:3
BRH:3
end_of_record
TN:
SF:components/ui/Card.tsx
FN:8,Card
FN:26,CardHeader
FN:38,CardBody
FN:50,CardFooter
FNF:4
FNH:4
FNDA:52,Card
FNDA:44,CardHeader
FNDA:52,CardBody
FNDA:3,CardFooter
DA:1,1
DA:2,1
DA:3,1
DA:4,1
DA:5,1
DA:6,1
DA:7,1
DA:8,1
DA:9,52
DA:10,52
DA:11,52
DA:12,52
DA:13,52
DA:14,52
DA:15,52
DA:16,52
DA:17,52
DA:18,52
DA:19,52
DA:20,52
DA:21,1
DA:22,1
DA:23,1
DA:24,1
DA:25,1
DA:26,1
DA:27,44
DA:28,44
DA:29,44
DA:30,44
DA:31,44
DA:32,44
DA:33,1
DA:34,1
DA:35,1
DA:36,1
DA:37,1
DA:38,1
DA:39,52
DA:40,52
DA:41,52
DA:42,52
DA:43,52
DA:44,52
DA:45,1
DA:46,1
DA:47,1
DA:48,1
DA:49,1
DA:50,1
DA:51,3
DA:52,3
DA:53,3
DA:54,3
DA:55,3
DA:56,3
LF:56
LH:56
BRDA:8,0,0,52
BRDA:26,1,0,44
BRDA:38,2,0,52
BRDA:50,3,0,3
BRF:4
BRH:4
end_of_record
TN:
SF:components/ui/Input.tsx
FNF:0
FNH:0
DA:1,1
DA:2,1
DA:3,1
DA:4,1
DA:5,1
DA:6,1
DA:7,1
DA:8,1
DA:9,1
DA:10,1
DA:11,1
DA:12,1
DA:13,1
DA:14,1
DA:15,589
DA:16,589
DA:17,589
DA:18,589
DA:19,589
DA:20,589
DA:21,589
DA:22,589
DA:23,589
DA:24,589
DA:25,589
DA:26,589
DA:27,589
DA:28,589
DA:29,589
DA:30,589
DA:31,589
DA:32,589
DA:33,589
DA:34,589
DA:35,589
DA:36,589
DA:37,589
DA:38,589
DA:39,589
DA:40,589
DA:41,589
DA:42,589
DA:43,589
DA:44,589
DA:45,589
DA:46,589
DA:47,589
DA:48,589
DA:49,589
DA:50,589
DA:51,589
DA:52,589
DA:53,589
DA:54,589
DA:55,589
DA:56,589
DA:57,589
DA:58,589
DA:59,589
DA:60,589
DA:61,589
DA:62,1
DA:63,1
DA:64,1
LF:64
LH:64
BRDA:14,0,0,589
BRDA:15,1,0,580
BRDA:15,2,0,556
BRDA:40,3,0,319
BRDA:41,4,0,3
BRDA:45,5,0,3
BRDA:45,6,0,586
BRDA:45,7,0,18
BRDA:45,8,0,568
BRDA:54,9,0,18
BRF:10
BRH:10
end_of_record
TN:
SF:components/ui/Spinner.tsx
FN:11,Spinner
FNF:1
FNH:1
FNDA:20,Spinner
DA:1,1
DA:2,1
DA:3,1
DA:4,1
DA:5,1
DA:6,1
DA:7,1
DA:8,1
DA:9,1
DA:10,1
DA:11,1
DA:12,20
DA:13,20
DA:14,20
DA:15,20
DA:16,20
DA:17,20
DA:18,20
DA:19,20
LF:19
LH:19
BRDA:11,0,0,20
BRF:1
BRH:1
end_of_record
TN:
SF:components/ui/index.ts
FNF:0
FNH:0
DA:1,1
DA:2,1
DA:3,1
DA:4,1
DA:5,1
DA:6,1
LF:6
LH:6
BRF:0
BRH:0
end_of_record
TN:
SF:features/analytics/components/AnalyticsFilterBar.tsx
FN:30,AnalyticsFilterBar
FN:54,onClick
FN:75,onChange
FN:81,onChange
FN:97,onChange
FNF:5
FNH:3
FNDA:6,AnalyticsFilterBar
FNDA:1,onClick
FNDA:0,onChange
FNDA:0,onChange
FNDA:1,onChange
DA:1,1
DA:2,1
DA:3,1
DA:4,1
DA:5,1
DA:6,1
DA:7,1
DA:8,1
DA:9,1
DA:10,1
DA:11,1
DA:12,1
DA:13,1
DA:14,1
DA:15,1
DA:16,1
DA:17,1
DA:18,1
DA:19,1
DA:20,1
DA:21,1
DA:22,1
DA:23,1
DA:24,1
DA:25,1
DA:26,1
DA:27,1
DA:28,1
DA:29,1
DA:30,1
DA:31,6
DA:32,6
DA:33,6
DA:34,6
DA:35,6
DA:36,6
DA:37,6
DA:38,6
DA:39,6
DA:40,6
DA:41,6
DA:42,6
DA:43,6
DA:44,6
DA:45,6
DA:46,6
DA:47,6
DA:48,6
DA:49,6
DA:50,6
DA:51,24
DA:52,24
DA:53,6
DA:54,6
DA:55,6
DA:56,6
DA:57,6
DA:58,6
DA:59,18
DA:60,6
DA:61,6
DA:62,6
DA:63,6
DA:64,6
DA:65,6
DA:66,6
DA:67,6
DA:68,6
DA:69,6
DA:70,6
DA:71,6
DA:72,6
DA:73,6
DA:74,6
DA:75,6
DA:76,6
DA:77,6
DA:78,6
DA:79,6
DA:80,6
DA:81,6
DA:82,6
DA:83,6
DA:84,6
DA:85,6
DA:86,6
DA:87,6
DA:88,6
DA:89,6
DA:90,6
DA:91,6
DA:92,6
DA:93,6
DA:94,6
DA:95,6
DA:96,6
DA:97,6
DA:98,6
DA:99,6
DA:100,6
DA:101,6
DA:102,6
DA:103,6
DA:104,6
DA:105,6
DA:106,6
DA:107,6
DA:108,6
DA:109,6
DA:110,6
DA:111,6
DA:112,6
DA:113,6
DA:114,6
DA:115,6
DA:116,6
DA:117,6
DA:118,6
DA:119,6
DA:120,6
DA:121,6
LF:121
LH:121
BRDA:30,0,0,6
BRDA:50,1,0,24
BRDA:58,2,0,6
BRDA:58,3,0,18
BRDA:54,4,0,1
BRDA:97,5,0,1
BRDA:101,6,0,6
BRF:7
BRH:7
end_of_record
TN:
SF:features/analytics/components/AttendanceHeatmapChart.tsx
FN:11,AttendanceHeatmapChart
FNF:1
FNH:1
FNDA:2,AttendanceHeatmapChart
DA:1,1
DA:2,1
DA:3,1
DA:4,1
DA:5,1
DA:6,1
DA:7,1
DA:8,1
DA:9,1
DA:10,1
DA:11,1
DA:12,2
DA:13,2
DA:14,2
DA:15,1
DA:16,1
DA:17,1
DA:18,1
DA:19,1
DA:20,1
DA:21,1
DA:22,1
DA:23,1
DA:24,1
DA:25,1
DA:26,1
DA:27,1
DA:28,1
DA:29,1
DA:30,2
DA:31,2
DA:32,2
DA:33,1
DA:34,1
DA:35,1
DA:36,1
DA:37,1
DA:38,1
DA:39,1
DA:40,1
DA:41,1
DA:42,1
DA:43,1
DA:44,2
DA:45,2
DA:46,2
DA:47,2
DA:48,2
DA:49,2
DA:50,2
DA:51,2
DA:52,2
DA:53,2
DA:54,2
DA:55,2
DA:56,1
DA:57,1
DA:58,1
DA:59,1
DA:60,1
LF:60
LH:60
BRDA:11,0,0,2
BRDA:14,1,0,1
BRDA:32,2,0,1
BRDA:13,3,0,2
BRDA:21,4,0,2
BRDA:22,5,0,2
BRDA:25,6,0,2
BRDA:34,7,0,2
BRDA:43,8,0,2
BRDA:44,9,0,0
BRF:10
BRH:9
end_of_record
TN:
SF:features/analytics/components/MembershipFunnelChart.tsx
FN:19,MembershipFunnelChart
FNF:1
FNH:1
FNDA:1,MembershipFunnelChart
DA:1,1
DA:2,1
DA:3,1
DA:4,1
DA:5,1
DA:6,1
DA:7,1
DA:8,1
DA:9,1
DA:10,1
DA:11,1
DA:12,1
DA:13,1
DA:14,1
DA:15,1
DA:16,1
DA:17,1
DA:18,1
DA:19,1
DA:20,1
DA:21,1
DA:22,1
DA:23,1
DA:24,1
DA:25,1
DA:26,1
DA:27,1
DA:28,1
DA:29,1
DA:30,1
DA:31,1
DA:32,1
DA:33,1
DA:34,1
DA:35,1
DA:36,1
DA:37,1
DA:38,1
DA:39,1
DA:40,1
DA:41,1
DA:42,1
DA:43,1
DA:44,1
LF:44
LH:44
BRDA:19,0,0,1
BRDA:23,1,0,4
BRDA:23,2,0,0
BRDA:23,3,0,10
BRF:4
BRH:3
end_of_record
TN:
SF:features/analytics/components/RevenueChart.tsx
FN:20,RevenueChart
FN:34,tickFormatter
FN:35,tickFormatter
FN:36,labelFormatter
FNF:4
FNH:1
FNDA:1,RevenueChart
FNDA:0,tickFormatter
FNDA:0,tickFormatter
FNDA:0,labelFormatter
DA:1,1
DA:2,1
DA:3,1
DA:4,1
DA:5,1
DA:6,1
DA:7,1
DA:8,1
DA:9,1
DA:10,1
DA:11,1
DA:12,1
DA:13,1
DA:14,1
DA:15,1
DA:16,1
DA:17,1
DA:18,1
DA:19,1
DA:20,1
DA:21,1
DA:22,1
DA:23,1
DA:24,1
DA:25,1
DA:26,1
DA:27,1
DA:28,1
DA:29,1
DA:30,1
DA:31,1
DA:32,1
DA:33,1
DA:34,1
DA:35,1
DA:36,1
DA:37,1
DA:38,1
DA:39,1
DA:40,1
DA:41,1
DA:42,1
DA:43,1
DA:44,1
LF:44
LH:44
BRDA:20,0,0,1
BRDA:22,1,0,1
BRF:2
BRH:2
end_of_record
TN:
SF:features/analytics/components/TopCustomersTable.tsx
FN:12,formatSpend
FN:17,TopCustomersTable
FNF:2
FNH:2
FNDA:3,formatSpend
FNDA:3,TopCustomersTable
DA:1,1
DA:2,1
DA:3,1
DA:4,1
DA:5,1
DA:6,1
DA:7,1
DA:8,1
DA:9,1
DA:10,1
DA:11,1
DA:12,1
DA:13,3
DA:14,3
DA:15,1
DA:16,1
DA:17,1
DA:18,3
DA:19,3
DA:20,3
DA:21,3
DA:22,3
DA:23,3
DA:24,3
DA:25,1
DA:26,3
DA:27,1
DA:28,1
DA:29,3
DA:30,3
DA:31,3
DA:32,3
DA:33,3
DA:34,3
DA:35,3
DA:36,3
DA:37,3
DA:38,3
DA:39,3
DA:40,3
DA:41,3
DA:42,3
DA:43,3
DA:44,3
DA:45,3
DA:46,3
DA:47,3
DA:48,3
DA:49,3
DA:50,3
DA:51,3
DA:52,3
DA:53,3
DA:54,3
DA:55,3
DA:56,3
DA:57,3
LF:57
LH:57
BRDA:12,0,0,3
BRDA:17,1,0,3
BRDA:24,2,0,1
BRDA:26,3,0,1
BRDA:39,4,0,2
BRDA:43,5,0,1
BRF:6
BRH:6
end_of_record
TN:
SF:features/analytics/lib/csvExport.ts
FN:15,escapeCell
FN:24,toCSV
FN:29,downloadCSV
FN:41,revenueToCSV
FN:48,attendanceToCSV
FN:55,funnelToCSV
FN:62,topCustomersToCSV
FN:73,buildAnalyticsCSV
FNF:8
FNH:7
FNDA:68,escapeCell
FNDA:9,toCSV
FNDA:0,downloadCSV
FNDA:2,revenueToCSV
FNDA:2,attendanceToCSV
FNDA:2,funnelToCSV
FNDA:3,topCustomersToCSV
FNDA:1,buildAnalyticsCSV
DA:1,1
DA:2,1
DA:3,1
DA:4,1
DA:5,1
DA:6,1
DA:7,1
DA:8,1
DA:9,1
DA:10,1
DA:11,1
DA:12,1
DA:13,1
DA:14,1
DA:15,68
DA:16,68
DA:17,68
DA:18,68
DA:19,1
DA:20,1
DA:21,67
DA:22,67
DA:23,1
DA:24,9
DA:25,9
DA:26,9
DA:27,1
DA:28,1
DA:29,1
DA:30,0
DA:31,0
DA:32,0
DA:33,0
DA:34,0
DA:35,0
DA:36,0
DA:37,0
DA:38,0
DA:39,0
DA:40,1
DA:41,1
DA:42,2
DA:43,2
DA:44,2
DA:45,2
DA:46,2
DA:47,1
DA:48,1
DA:49,2
DA:50,2
DA:51,2
DA:52,2
DA:53,2
DA:54,1
DA:55,1
DA:56,2
DA:57,2
DA:58,2
DA:59,2
DA:60,2
DA:61,1
DA:62,1
DA:63,3
DA:64,3
DA:65,3
DA:66,3
DA:67,3
DA:68,1
DA:69,1
DA:70,1
DA:71,1
DA:72,1
DA:73,1
DA:74,1
DA:75,1
DA:76,1
DA:77,1
DA:78,1
DA:79,1
DA:80,1
DA:81,1
DA:82,1
DA:83,1
DA:84,1
DA:85,1
DA:86,1
DA:87,1
DA:88,1
DA:89,1
DA:90,1
DA:91,1
DA:92,1
DA:93,1
DA:94,1
DA:95,1
DA:96,1
DA:97,1
LF:97
LH:87
BRDA:15,0,0,68
BRDA:18,1,0,1
BRDA:20,2,0,67
BRDA:24,3,0,9
BRDA:25,4,0,30
BRDA:41,5,0,2
BRDA:44,6,0,4
BRDA:48,7,0,2
BRDA:51,8,0,4
BRDA:55,9,0,2
BRDA:58,10,0,8
BRDA:62,11,0,3
BRDA:65,12,0,5
BRDA:65,13,0,2
BRDA:73,14,0,1
BRF:15
BRH:15
end_of_record
TN:
SF:features/analytics/store/analyticsFilters.ts
FN:33,setPreset
FN:34,setDateFrom
FN:35,setDateTo
FN:36,setBranch
FN:37,reset
FN:44,resolveAnalyticsFilters
FN:82,toISODate
FNF:7
FNH:2
FNDA:0,setPreset
FNDA:0,setDateFrom
FNDA:0,setDateTo
FNDA:0,setBranch
FNDA:0,reset
FNDA:3,resolveAnalyticsFilters
FNDA:4,toISODate
DA:1,1
DA:2,1
DA:3,1
DA:4,1
DA:5,1
DA:6,1
DA:7,1
DA:8,1
DA:9,1
DA:10,1
DA:11,1
DA:12,1
DA:13,1
DA:14,1
DA:15,1
DA:16,1
DA:17,1
DA:18,1
DA:19,1
DA:20,1
DA:21,1
DA:22,1
DA:23,1
DA:24,1
DA:25,1
DA:26,1
DA:27,1
DA:28,1
DA:29,1
DA:30,1
DA:31,1
DA:32,1
DA:33,1
DA:34,1
DA:35,1
DA:36,1
DA:37,1
DA:38,1
DA:39,1
DA:40,1
DA:41,1
DA:42,1
DA:43,1
DA:44,1
DA:45,3
DA:46,3
DA:47,3
DA:48,3
DA:49,3
DA:50,1
DA:51,1
DA:52,3
DA:53,3
DA:54,1
DA:55,1
DA:56,1
DA:57,1
DA:58,2
DA:59,2
DA:60,2
DA:61,2
DA:62,2
DA:63,2
DA:64,3
DA:65,0
DA:66,0
DA:67,3
DA:68,1
DA:69,1
DA:70,3
DA:71,1
DA:72,1
DA:73,3
DA:74,0
DA:75,3
DA:76,2
DA:77,2
DA:78,2
DA:79,2
DA:80,2
DA:81,1
DA:82,4
DA:83,4
DA:84,4
LF:84
LH:81
BRDA:31,0,0,1
BRDA:44,1,0,3
BRDA:49,2,0,1
BRDA:53,3,0,1
BRDA:57,4,0,2
BRDA:64,5,0,0
BRDA:67,6,0,1
BRDA:70,7,0,1
BRDA:73,8,0,0
BRDA:75,9,0,2
BRDA:82,10,0,4
BRF:11
BRH:9
end_of_record
TN:
SF:features/attendance/components/AttendanceTable.tsx
FN:13,getAttendanceStatusLabel
FN:23,formatTime
FN:35,AttendanceTable
FNF:3
FNH:2
FNDA:4,getAttendanceStatusLabel
FNDA:2,formatTime
FNDA:0,AttendanceTable
DA:1,1
DA:2,1
DA:3,1
DA:4,1
DA:5,1
DA:6,1
DA:7,1
DA:8,1
DA:9,1
DA:10,1
DA:11,1
DA:12,1
DA:13,1
DA:14,4
DA:15,4
DA:16,4
DA:17,4
DA:18,4
DA:19,4
DA:20,4
DA:21,4
DA:22,1
DA:23,1
DA:24,2
DA:25,1
DA:26,1
DA:27,1
DA:28,1
DA:29,1
DA:30,1
DA:31,1
DA:32,1
DA:33,1
DA:34,1
DA:35,1
DA:36,0
DA:37,0
DA:38,0
DA:39,0
DA:40,0
DA:41,0
DA:42,0
DA:43,0
DA:44,0
DA:45,0
DA:46,0
DA:47,0
DA:48,0
DA:49,0
DA:50,0
DA:51,0
DA:52,0
DA:53,0
DA:54,0
DA:55,0
DA:56,0
DA:57,0
DA:58,0
DA:59,0
DA:60,0
DA:61,0
DA:62,0
DA:63,0
DA:64,0
DA:65,0
DA:66,0
DA:67,0
DA:68,0
DA:69,0
DA:70,0
DA:71,0
DA:72,0
DA:73,0
DA:74,0
DA:75,0
DA:76,0
DA:77,0
DA:78,0
DA:79,0
DA:80,0
DA:81,0
DA:82,0
DA:83,0
DA:84,0
DA:85,0
DA:86,0
DA:87,0
DA:88,0
LF:88
LH:35
BRDA:13,0,0,4
BRDA:23,1,0,2
BRDA:24,2,0,1
BRF:3
BRH:3
end_of_record
TN:
SF:features/branches/components/BranchDetail.tsx
FN:10,emptyBranchStats
FN:25,StatCard
FN:45,BranchInfo
FN:96,BranchStatsGrid
FNF:4
FNH:4
FNDA:1,emptyBranchStats
FNDA:4,StatCard
FNDA:1,BranchInfo
FNDA:1,BranchStatsGrid
DA:1,1
DA:2,1
DA:3,1
DA:4,1
DA:5,1
DA:6,1
DA:7,1
DA:8,1
DA:9,1
DA:10,1
DA:11,1
DA:12,1
DA:13,1
DA:14,1
DA:15,1
DA:16,1
DA:17,1
DA:18,1
DA:19,1
DA:20,1
DA:21,1
DA:22,1
DA:23,1
DA:24,1
DA:25,1
DA:26,4
DA:27,4
DA:28,4
DA:29,4
DA:30,4
DA:31,4
DA:32,4
DA:33,4
DA:34,4
DA:35,4
DA:36,4
DA:37,4
DA:38,4
DA:39,4
DA:40,1
DA:41,1
DA:42,1
DA:43,1
DA:44,1
DA:45,1
DA:46,1
DA:47,1
DA:48,1
DA:49,1
DA:50,1
DA:51,1
DA:52,1
DA:53,1
DA:54,1
DA:55,1
DA:56,1
DA:57,1
DA:58,1
DA:59,1
DA:60,1
DA:61,1
DA:62,1
DA:63,1
DA:64,1
DA:65,1
DA:66,1
DA:67,1
DA:68,1
DA:69,1
DA:70,1
DA:71,1
DA:72,1
DA:73,1
DA:74,1
DA:75,1
DA:76,1
DA:77,1
DA:78,1
DA:79,1
DA:80,1
DA:81,1
DA:82,1
DA:83,1
DA:84,1
DA:85,1
DA:86,1
DA:87,1
DA:88,1
DA:89,1
DA:90,1
DA:91,1
DA:92,1
DA:93,1
DA:94,1
DA:95,1
DA:96,1
DA:97,1
DA:98,1
DA:99,1
DA:100,1
DA:101,1
DA:102,1
DA:103,1
DA:104,1
DA:105,1
LF:105
LH:105
BRDA:10,0,0,1
BRDA:25,1,0,4
BRDA:45,2,0,1
BRDA:53,3,0,0
BRDA:61,4,0,0
BRDA:68,5,0,0
BRDA:72,6,0,0
BRDA:83,7,0,0
BRDA:96,8,0,1
BRF:9
BRH:4
end_of_record
TN:
SF:features/branches/components/BranchForm.tsx
FN:34,_zod1.z.object.phone._zod1.z.string.optional.or.refine.message
FN:66,BranchForm
FN:129,toggleDay
FN:136,handleFormSubmit
FN:277,onClick
FN:300,onChange
FN:309,onChange
FNF:7
FNH:5
FNDA:3,_zod1.z.object.phone._zod1.z.string.optional.or.refine.message
FNDA:11,BranchForm
FNDA:1,toggleDay
FNDA:1,handleFormSubmit
FNDA:1,onClick
FNDA:0,onChange
FNDA:0,onChange
DA:1,1
DA:2,1
DA:3,1
DA:4,1
DA:5,1
DA:6,1
DA:7,1
DA:8,1
DA:9,1
DA:10,1
DA:11,1
DA:12,1
DA:13,1
DA:14,1
DA:15,1
DA:16,1
DA:17,1
DA:18,1
DA:19,1
DA:20,1
DA:21,1
DA:22,1
DA:23,1
DA:24,1
DA:25,1
DA:26,1
DA:27,1
DA:28,1
DA:29,1
DA:30,1
DA:31,1
DA:32,1
DA:33,1
DA:34,1
DA:35,1
DA:36,1
DA:37,1
DA:38,1
DA:39,1
DA:40,1
DA:41,1
DA:42,1
DA:43,1
DA:44,1
DA:45,1
DA:46,1
DA:47,1
DA:48,1
DA:49,1
DA:50,1
DA:51,1
DA:52,1
DA:53,1
DA:54,1
DA:55,1
DA:56,1
DA:57,1
DA:58,1
DA:59,1
DA:60,1
DA:61,1
DA:62,1
DA:63,1
DA:64,1
DA:65,1
DA:66,1
DA:67,11
DA:68,11
DA:69,11
DA:70,11
DA:71,11
DA:72,11
DA:73,11
DA:74,11
DA:75,11
DA:76,11
DA:77,11
DA:78,11
DA:79,11
DA:80,11
DA:81,11
DA:82,11
DA:83,11
DA:84,11
DA:85,11
DA:86,11
DA:87,11
DA:88,11
DA:89,11
DA:90,11
DA:91,11
DA:92,11
DA:93,11
DA:94,11
DA:95,11
DA:96,11
DA:97,11
DA:98,11
DA:99,11
DA:100,11
DA:101,11
DA:102,11
DA:103,11
DA:104,4
DA:105,0
DA:106,0
DA:107,0
DA:108,0
DA:109,0
DA:110,0
DA:111,0
DA:112,0
DA:113,0
DA:114,0
DA:115,0
DA:116,0
DA:117,0
DA:118,0
DA:119,0
DA:120,0
DA:121,0
DA:122,0
DA:123,11
DA:124,11
DA:125,11
DA:126,11
DA:127,11
DA:128,11
DA:129,11
DA:130,1
DA:131,0
DA:132,1
DA:133,1
DA:134,1
DA:135,11
DA:136,11
DA:137,1
DA:138,1
DA:139,1
DA:140,1
DA:141,1
DA:142,1
DA:143,1
DA:144,1
DA:145,1
DA:146,1
DA:147,1
DA:148,1
DA:149,1
DA:150,1
DA:151,1
DA:152,1
DA:153,1
DA:154,1
DA:155,1
DA:156,11
DA:157,11
DA:158,11
DA:159,11
DA:160,11
DA:161,11
DA:162,11
DA:163,11
DA:164,11
DA:165,11
DA:166,11
DA:167,11
DA:168,11
DA:169,11
DA:170,11
DA:171,11
DA:172,11
DA:173,11
DA:174,11
DA:175,11
DA:176,11
DA:177,11
DA:178,11
DA:179,11
DA:180,11
DA:181,11
DA:182,11
DA:183,11
DA:184,11
DA:185,11
DA:186,11
DA:187,11
DA:188,11
DA:189,11
DA:190,11
DA:191,11
DA:192,11
DA:193,11
DA:194,11
DA:195,11
DA:196,11
DA:197,11
DA:198,11
DA:199,11
DA:200,11
DA:201,11
DA:202,11
DA:203,11
DA:204,11
DA:205,11
DA:206,11
DA:207,11
DA:208,11
DA:209,11
DA:210,11
DA:211,11
DA:212,11
DA:213,11
DA:214,11
DA:215,11
DA:216,11
DA:217,11
DA:218,11
DA:219,11
DA:220,11
DA:221,11
DA:222,11
DA:223,11
DA:224,11
DA:225,11
DA:226,11
DA:227,11
DA:228,11
DA:229,11
DA:230,11
DA:231,11
DA:232,11
DA:233,11
DA:234,11
DA:235,11
DA:236,11
DA:237,11
DA:238,11
DA:239,11
DA:240,11
DA:241,11
DA:242,11
DA:243,11
DA:244,11
DA:245,11
DA:246,11
DA:247,11
DA:248,11
DA:249,11
DA:250,11
DA:251,11
DA:252,11
DA:253,11
DA:254,11
DA:255,11
DA:256,11
DA:257,11
DA:258,11
DA:259,11
DA:260,11
DA:261,11
DA:262,11
DA:263,11
DA:264,11
DA:265,11
DA:266,11
DA:267,11
DA:268,11
DA:269,11
DA:270,11
DA:271,11
DA:272,77
DA:273,77
DA:274,77
DA:275,77
DA:276,77
DA:277,77
DA:278,77
DA:279,77
DA:280,77
DA:281,1
DA:282,76
DA:283,77
DA:284,77
DA:285,77
DA:286,77
DA:287,77
DA:288,77
DA:289,11
DA:290,11
DA:291,11
DA:292,11
DA:293,11
DA:294,11
DA:295,11
DA:296,11
DA:297,11
DA:298,11
DA:299,11
DA:300,11
DA:301,11
DA:302,11
DA:303,11
DA:304,11
DA:305,11
DA:306,11
DA:307,11
DA:308,11
DA:309,11
DA:310,11
DA:311,11
DA:312,11
DA:313,11
DA:314,11
DA:315,11
DA:316,11
DA:317,11
DA:318,11
DA:319,11
DA:320,11
DA:321,11
DA:322,11
DA:323,11
LF:323
LH:304
BRDA:34,0,0,3
BRDA:34,1,0,0
BRDA:66,2,0,11
BRDA:125,3,0,0
BRDA:166,4,0,0
BRDA:181,5,0,0
BRDA:193,6,0,0
BRDA:199,7,0,0
BRDA:206,8,0,0
BRDA:212,9,0,0
BRDA:220,10,0,1
BRDA:227,11,0,0
BRDA:238,12,0,0
BRDA:246,13,0,0
BRDA:256,14,0,0
BRDA:263,15,0,0
BRDA:290,16,0,0
BRDA:103,17,0,4
BRDA:104,18,0,0
BRDA:129,19,0,1
BRDA:130,20,0,0
BRDA:136,21,0,1
BRDA:271,22,0,77
BRDA:280,23,0,1
BRDA:281,24,0,76
BRDA:277,25,0,1
BRF:26
BRH:10
end_of_record
TN:
SF:features/branches/components/BranchTable.tsx
FN:9,formatBranchAddress
FN:14,formatBranchTime
FN:25,getBranchStatus
FN:39,BranchTable
FN:95,onClick
FNF:5
FNH:5
FNDA:5,formatBranchAddress
FNDA:10,formatBranchTime
FNDA:5,getBranchStatus
FNDA:3,BranchTable
FNDA:1,onClick
DA:1,1
DA:2,1
DA:3,1
DA:4,1
DA:5,1
DA:6,1
DA:7,1
DA:8,1
DA:9,1
DA:10,5
DA:11,5
DA:12,1
DA:13,1
DA:14,1
DA:15,10
DA:16,8
DA:17,10
DA:18,10
DA:19,10
DA:20,10
DA:21,10
DA:22,10
DA:23,1
DA:24,1
DA:25,1
DA:26,5
DA:27,5
DA:28,5
DA:29,5
DA:30,4
DA:31,1
DA:32,5
DA:33,1
DA:34,1
DA:35,1
DA:36,1
DA:37,1
DA:38,1
DA:39,1
DA:40,3
DA:41,3
DA:42,3
DA:43,3
DA:44,3
DA:45,3
DA:46,3
DA:47,3
DA:48,3
DA:49,3
DA:50,3
DA:51,3
DA:52,3
DA:53,3
DA:54,3
DA:55,2
DA:56,2
DA:57,2
DA:58,2
DA:59,2
DA:60,2
DA:61,2
DA:62,2
DA:63,2
DA:64,2
DA:65,2
DA:66,2
DA:67,2
DA:68,2
DA:69,2
DA:70,2
DA:71,2
DA:72,2
DA:73,2
DA:74,2
DA:75,2
DA:76,2
DA:77,2
DA:78,2
DA:79,2
DA:80,2
DA:81,2
DA:82,2
DA:83,2
DA:84,2
DA:85,2
DA:86,2
DA:87,2
DA:88,2
DA:89,2
DA:90,2
DA:91,2
DA:92,2
DA:93,2
DA:94,2
DA:95,2
DA:96,2
DA:97,2
DA:98,2
DA:99,2
DA:100,2
DA:101,2
DA:102,2
DA:103,2
DA:104,2
DA:105,2
DA:106,2
DA:107,3
DA:108,3
DA:109,3
DA:110,3
DA:111,3
LF:111
LH:111
BRDA:9,0,0,5
BRDA:10,1,0,1
BRDA:14,2,0,10
BRDA:15,3,0,2
BRDA:15,4,0,8
BRDA:17,5,0,0
BRDA:17,6,0,8
BRDA:18,7,0,4
BRDA:18,8,0,4
BRDA:19,9,0,0
BRDA:19,10,0,8
BRDA:20,11,0,8
BRDA:20,12,0,8
BRDA:20,13,0,0
BRDA:25,14,0,5
BRDA:30,15,0,4
BRDA:30,16,0,1
BRDA:39,17,0,3
BRDA:54,18,0,2
BRDA:77,19,0,0
BRDA:95,20,0,1
BRF:21
BRH:17
end_of_record
TN:
SF:features/customers/components/BodyMeasurementsTab.tsx
FN:23,measurementChartData
FN:36,formatMeasurementDate
FN:43,formatNum
FN:84,BodyMeasurementsTab
FN:114,handleAdd
FN:133,onClick
FNF:6
FNH:6
FNDA:19,measurementChartData
FNDA:39,formatMeasurementDate
FNDA:73,formatNum
FNDA:17,BodyMeasurementsTab
FNDA:1,handleAdd
FNDA:2,onClick
DA:1,1
DA:2,1
DA:3,1
DA:4,1
DA:5,1
DA:6,1
DA:7,1
DA:8,1
DA:9,1
DA:10,1
DA:11,1
DA:12,1
DA:13,1
DA:14,1
DA:15,1
DA:16,1
DA:17,1
DA:18,1
DA:19,1
DA:20,1
DA:21,1
DA:22,1
DA:23,1
DA:24,19
DA:25,19
DA:26,19
DA:27,19
DA:28,19
DA:29,14
DA:30,14
DA:31,14
DA:32,14
DA:33,19
DA:34,1
DA:35,1
DA:36,1
DA:37,39
DA:38,39
DA:39,39
DA:40,39
DA:41,1
DA:42,1
DA:43,1
DA:44,73
DA:45,71
DA:46,71
DA:47,1
DA:48,1
DA:49,1
DA:50,1
DA:51,1
DA:52,1
DA:53,1
DA:54,1
DA:55,1
DA:56,1
DA:57,1
DA:58,1
DA:59,1
DA:60,1
DA:61,1
DA:62,1
DA:63,1
DA:64,1
DA:65,1
DA:66,1
DA:67,1
DA:68,1
DA:69,1
DA:70,1
DA:71,1
DA:72,1
DA:73,1
DA:74,1
DA:75,1
DA:76,1
DA:77,1
DA:78,1
DA:79,1
DA:80,1
DA:81,1
DA:82,1
DA:83,1
DA:84,1
DA:85,17
DA:86,17
DA:87,17
DA:88,17
DA:89,17
DA:90,17
DA:91,17
DA:92,17
DA:93,17
DA:94,17
DA:95,17
DA:96,17
DA:97,17
DA:98,17
DA:99,17
DA:100,17
DA:101,17
DA:102,17
DA:103,17
DA:104,17
DA:105,17
DA:106,17
DA:107,17
DA:108,17
DA:109,17
DA:110,17
DA:111,17
DA:112,17
DA:113,17
DA:114,17
DA:115,1
DA:116,1
DA:117,1
DA:118,1
DA:119,1
DA:120,1
DA:121,1
DA:122,1
DA:123,1
DA:124,1
DA:125,1
DA:126,1
DA:127,1
DA:128,17
DA:129,17
DA:130,17
DA:131,17
DA:132,17
DA:133,17
DA:134,17
DA:135,17
DA:136,17
DA:137,17
DA:138,17
DA:139,17
DA:140,17
DA:141,17
DA:142,17
DA:143,17
DA:144,17
DA:145,17
DA:146,17
DA:147,17
DA:148,17
DA:149,17
DA:150,17
DA:151,17
DA:152,17
DA:153,17
DA:154,17
DA:155,17
DA:156,17
DA:157,17
DA:158,17
DA:159,17
DA:160,17
DA:161,17
DA:162,17
DA:163,17
DA:164,17
DA:165,17
DA:166,17
DA:167,17
DA:168,17
DA:169,17
DA:170,10
DA:171,10
DA:172,10
DA:173,10
DA:174,10
DA:175,10
DA:176,10
DA:177,10
DA:178,10
DA:179,10
DA:180,10
DA:181,10
DA:182,10
DA:183,10
DA:184,4
DA:185,4
DA:186,4
DA:187,4
DA:188,0
DA:189,0
DA:190,0
DA:191,4
DA:192,4
DA:193,4
DA:194,4
DA:195,4
DA:196,4
DA:197,4
DA:198,4
DA:199,4
DA:200,4
DA:201,4
DA:202,4
DA:203,4
DA:204,10
DA:205,10
DA:206,10
DA:207,10
DA:208,10
DA:209,10
DA:210,10
DA:211,10
DA:212,10
DA:213,17
DA:214,17
DA:215,17
DA:216,17
DA:217,17
DA:218,17
DA:219,17
DA:220,17
DA:221,17
DA:222,17
DA:223,17
DA:224,17
DA:225,17
DA:226,17
DA:227,17
DA:228,17
DA:229,17
DA:230,17
DA:231,17
DA:232,17
DA:233,17
DA:234,17
DA:235,17
DA:236,17
DA:237,17
DA:238,17
DA:239,17
DA:240,17
DA:241,17
DA:242,17
DA:243,17
DA:244,17
DA:245,17
DA:246,17
DA:247,17
DA:248,17
DA:249,17
DA:250,17
DA:251,17
DA:252,17
DA:253,17
DA:254,17
DA:255,17
DA:256,17
DA:257,17
DA:258,17
DA:259,17
DA:260,17
DA:261,17
DA:262,17
DA:263,17
DA:264,17
DA:265,17
DA:266,17
DA:267,17
DA:268,17
DA:269,17
DA:270,17
DA:271,17
DA:272,17
DA:273,17
DA:274,17
DA:275,17
DA:276,17
DA:277,17
DA:278,17
DA:279,17
DA:280,17
DA:281,17
DA:282,17
DA:283,17
DA:284,17
DA:285,17
DA:286,17
DA:287,17
DA:288,17
DA:289,17
DA:290,17
DA:291,17
DA:292,17
DA:293,17
DA:294,17
DA:295,17
DA:296,17
DA:297,17
DA:298,17
DA:299,17
DA:300,17
DA:301,17
DA:302,17
DA:303,17
DA:304,17
DA:305,17
DA:306,17
DA:307,17
DA:308,17
DA:309,17
DA:310,17
DA:311,17
DA:312,17
DA:313,17
DA:314,17
DA:315,17
DA:316,17
DA:317,17
DA:318,17
DA:319,17
DA:320,17
DA:321,17
DA:322,17
DA:323,17
DA:324,17
DA:325,17
DA:326,17
DA:327,17
DA:328,17
DA:329,17
DA:330,17
DA:331,17
DA:332,17
DA:333,17
DA:334,17
DA:335,17
DA:336,17
DA:337,17
DA:338,17
DA:339,17
DA:340,17
DA:341,17
DA:342,17
DA:343,17
DA:344,17
DA:345,17
DA:346,17
DA:347,17
DA:348,17
DA:349,17
DA:350,17
DA:351,17
DA:352,17
DA:353,17
DA:354,17
DA:355,17
DA:356,17
DA:357,17
DA:358,17
DA:359,17
DA:360,17
DA:361,17
DA:362,17
DA:363,17
DA:364,17
DA:365,17
DA:366,17
DA:367,17
DA:368,17
DA:369,17
DA:370,17
DA:371,17
DA:372,17
DA:373,17
DA:374,17
DA:375,17
DA:376,17
DA:377,17
DA:378,17
DA:379,17
DA:380,17
DA:381,17
DA:382,17
LF:382
LH:379
BRDA:23,0,0,19
BRDA:27,1,0,4
BRDA:28,2,0,14
BRDA:30,3,0,0
BRDA:31,4,0,0
BRDA:36,5,0,39
BRDA:38,6,0,0
BRDA:43,7,0,73
BRDA:44,8,0,72
BRDA:44,9,0,71
BRDA:44,10,0,2
BRDA:44,11,0,71
BRDA:49,12,0,6
BRDA:49,13,0,0
BRDA:49,14,0,0
BRDA:49,15,0,0
BRDA:56,16,0,1
BRDA:56,17,0,0
BRDA:56,18,0,0
BRDA:56,19,0,0
BRDA:84,20,0,17
BRDA:134,21,0,2
BRDA:134,22,0,15
BRDA:141,23,0,9
BRDA:150,24,0,2
BRDA:151,25,0,2
BRDA:152,26,0,2
BRDA:321,27,0,0
BRDA:328,28,0,0
BRDA:335,29,0,0
BRDA:342,30,0,0
BRDA:349,31,0,0
BRDA:356,32,0,0
BRDA:363,33,0,0
BRDA:370,34,0,0
BRDA:114,35,0,1
BRDA:133,36,0,2
BRDA:133,37,0,2
BRDA:169,38,0,10
BRDA:175,39,0,0
BRDA:175,40,0,0
BRDA:183,41,0,4
BRDA:187,42,0,0
BRDA:282,43,0,2
BRDA:283,44,0,10
BRF:45
BRH:25
end_of_record
TN:
SF:features/customers/components/CustomerAvatar.tsx
FN:8,getCustomerDisplayName
FN:21,getCustomerInitials
FN:50,CustomerAvatar
FN:67,onError
FNF:4
FNH:3
FNDA:25,getCustomerDisplayName
FNDA:12,getCustomerInitials
FNDA:9,CustomerAvatar
FNDA:0,onError
DA:1,1
DA:2,1
DA:3,1
DA:4,1
DA:5,1
DA:6,1
DA:7,1
DA:8,1
DA:9,25
DA:10,25
DA:11,25
DA:12,25
DA:13,25
DA:14,25
DA:15,25
DA:16,25
DA:17,25
DA:18,25
DA:19,1
DA:20,1
DA:21,1
DA:22,12
DA:23,12
DA:24,11
DA:25,11
DA:26,11
DA:27,11
DA:28,11
DA:29,1
DA:30,1
DA:31,1
DA:32,1
DA:33,1
DA:34,1
DA:35,1
DA:36,1
DA:37,1
DA:38,1
DA:39,1
DA:40,1
DA:41,1
DA:42,1
DA:43,1
DA:44,1
DA:45,1
DA:46,1
DA:47,1
DA:48,1
DA:49,1
DA:50,1
DA:51,9
DA:52,9
DA:53,9
DA:54,9
DA:55,9
DA:56,9
DA:57,9
DA:58,9
DA:59,9
DA:60,9
DA:61,9
DA:62,3
DA:63,3
DA:64,3
DA:65,3
DA:66,3
DA:67,3
DA:68,3
DA:69,3
DA:70,3
DA:71,3
DA:72,9
DA:73,9
DA:74,9
DA:75,9
LF:75
LH:75
BRDA:8,0,0,25
BRDA:14,1,0,15
BRDA:15,2,0,10
BRDA:15,3,0,15
BRDA:16,4,0,0
BRDA:16,5,0,0
BRDA:17,6,0,1
BRDA:21,7,0,12
BRDA:23,8,0,1
BRDA:23,9,0,11
BRDA:26,10,0,21
BRDA:50,11,0,9
BRDA:53,12,0,3
BRDA:61,13,0,3
BRDA:71,14,0,6
BRF:15
BRH:13
end_of_record
TN:
SF:features/customers/components/CustomerForm.tsx
FN:57,CustomerForm
FN:119,handleFormSubmit
FN:139,handlePhotoChange
FN:154,handlePhotoRemove
FNF:4
FNH:4
FNDA:16,CustomerForm
FNDA:3,handleFormSubmit
FNDA:2,handlePhotoChange
FNDA:1,handlePhotoRemove
DA:1,1
DA:2,1
DA:3,1
DA:4,1
DA:5,1
DA:6,1
DA:7,1
DA:8,1
DA:9,1
DA:10,1
DA:11,1
DA:12,1
DA:13,1
DA:14,1
DA:15,1
DA:16,1
DA:17,1
DA:18,1
DA:19,1
DA:20,1
DA:21,1
DA:22,1
DA:23,1
DA:24,1
DA:25,1
DA:26,1
DA:27,1
DA:28,1
DA:29,1
DA:30,1
DA:31,1
DA:32,1
DA:33,1
DA:34,1
DA:35,1
DA:36,1
DA:37,1
DA:38,1
DA:39,1
DA:40,1
DA:41,1
DA:42,1
DA:43,1
DA:44,1
DA:45,1
DA:46,1
DA:47,1
DA:48,1
DA:49,1
DA:50,1
DA:51,1
DA:52,1
DA:53,1
DA:54,1
DA:55,1
DA:56,1
DA:57,1
DA:58,16
DA:59,16
DA:60,16
DA:61,16
DA:62,16
DA:63,16
DA:64,16
DA:65,16
DA:66,16
DA:67,16
DA:68,16
DA:69,16
DA:70,16
DA:71,16
DA:72,16
DA:73,16
DA:74,16
DA:75,16
DA:76,16
DA:77,16
DA:78,16
DA:79,16
DA:80,16
DA:81,16
DA:82,16
DA:83,16
DA:84,16
DA:85,16
DA:86,16
DA:87,16
DA:88,16
DA:89,16
DA:90,16
DA:91,16
DA:92,16
DA:93,16
DA:94,16
DA:95,5
DA:96,3
DA:97,3
DA:98,3
DA:99,3
DA:100,3
DA:101,3
DA:102,3
DA:103,3
DA:104,3
DA:105,3
DA:106,3
DA:107,3
DA:108,3
DA:109,3
DA:110,3
DA:111,3
DA:112,3
DA:113,3
DA:114,3
DA:115,3
DA:116,3
DA:117,16
DA:118,16
DA:119,16
DA:120,3
DA:121,3
DA:122,3
DA:123,3
DA:124,3
DA:125,3
DA:126,3
DA:127,3
DA:128,3
DA:129,0
DA:130,3
DA:131,3
DA:132,3
DA:133,3
DA:134,3
DA:135,3
DA:136,3
DA:137,3
DA:138,16
DA:139,16
DA:140,2
DA:141,2
DA:142,0
DA:143,0
DA:144,0
DA:145,2
DA:146,2
DA:147,1
DA:148,1
DA:149,1
DA:150,1
DA:151,1
DA:152,1
DA:153,16
DA:154,16
DA:155,1
DA:156,1
DA:157,0
DA:158,0
DA:159,0
DA:160,1
DA:161,1
DA:162,16
DA:163,16
DA:164,16
DA:165,16
DA:166,16
DA:167,16
DA:168,16
DA:169,16
DA:170,16
DA:171,16
DA:172,16
DA:173,16
DA:174,16
DA:175,16
DA:176,16
DA:177,16
DA:178,16
DA:179,16
DA:180,16
DA:181,16
DA:182,16
DA:183,16
DA:184,16
DA:185,16
DA:186,16
DA:187,16
DA:188,16
DA:189,16
DA:190,16
DA:191,16
DA:192,16
DA:193,16
DA:194,16
DA:195,16
DA:196,16
DA:197,16
DA:198,16
DA:199,16
DA:200,16
DA:201,16
DA:202,16
DA:203,16
DA:204,16
DA:205,16
DA:206,16
DA:207,16
DA:208,16
DA:209,16
DA:210,16
DA:211,16
DA:212,16
DA:213,16
DA:214,16
DA:215,16
DA:216,16
DA:217,16
DA:218,16
DA:219,16
DA:220,16
DA:221,16
DA:222,16
DA:223,16
DA:224,16
DA:225,16
DA:226,16
DA:227,16
DA:228,16
DA:229,16
DA:230,16
DA:231,16
DA:232,16
DA:233,16
DA:234,16
DA:235,16
DA:236,16
DA:237,16
DA:238,16
DA:239,16
DA:240,16
DA:241,16
DA:242,16
DA:243,16
DA:244,16
DA:245,16
DA:246,16
DA:247,16
DA:248,16
DA:249,16
DA:250,16
DA:251,16
DA:252,16
DA:253,16
DA:254,16
DA:255,16
DA:256,16
DA:257,16
DA:258,16
DA:259,16
DA:260,16
DA:261,16
DA:262,16
DA:263,16
DA:264,16
DA:265,16
DA:266,16
DA:267,16
DA:268,16
DA:269,16
DA:270,16
DA:271,16
DA:272,16
DA:273,16
DA:274,16
DA:275,16
DA:276,16
DA:277,16
DA:278,16
DA:279,16
DA:280,16
DA:281,16
DA:282,16
DA:283,16
DA:284,16
DA:285,16
DA:286,16
DA:287,16
DA:288,16
DA:289,16
DA:290,16
DA:291,16
LF:291
LH:284
BRDA:36,0,0,3
BRDA:57,1,0,16
BRDA:92,2,0,8
BRDA:92,3,0,12
BRDA:183,4,0,0
BRDA:190,5,0,0
BRDA:201,6,0,0
BRDA:209,7,0,0
BRDA:230,8,0,0
BRDA:239,9,0,0
BRDA:248,10,0,0
BRDA:258,11,0,0
BRDA:266,12,0,0
BRDA:94,13,0,5
BRDA:95,14,0,3
BRDA:97,15,0,0
BRDA:99,16,0,0
BRDA:119,17,0,3
BRDA:128,18,0,0
BRDA:128,19,0,0
BRDA:134,20,0,2
BRDA:134,21,0,1
BRDA:134,22,0,1
BRDA:139,23,0,2
BRDA:141,24,0,0
BRDA:146,25,0,1
BRDA:154,26,0,1
BRDA:156,27,0,0
BRF:28
BRH:13
end_of_record
TN:
SF:features/customers/components/CustomerTable.tsx
FN:23,getCustomerMembershipStatus
FN:39,CustomerTable
FN:43,CustomerTable.columnHelper.accessor.id
FN:62,cell
FN:77,cell
FN:102,onClick
FN:184,onClick
FN:192,onClick
FNF:8
FNH:4
FNDA:4,getCustomerMembershipStatus
FNDA:2,CustomerTable
FNDA:0,CustomerTable.columnHelper.accessor.id
FNDA:2,cell
FNDA:2,cell
FNDA:0,onClick
FNDA:0,onClick
FNDA:0,onClick
DA:1,1
DA:2,1
DA:3,1
DA:4,1
DA:5,1
DA:6,1
DA:7,1
DA:8,1
DA:9,1
DA:10,1
DA:11,1
DA:12,1
DA:13,1
DA:14,1
DA:15,1
DA:16,1
DA:17,1
DA:18,1
DA:19,1
DA:20,1
DA:21,1
DA:22,1
DA:23,1
DA:24,4
DA:25,4
DA:26,4
DA:27,4
DA:28,1
DA:29,1
DA:30,3
DA:31,3
DA:32,1
DA:33,1
DA:34,1
DA:35,1
DA:36,1
DA:37,1
DA:38,1
DA:39,1
DA:40,2
DA:41,2
DA:42,2
DA:43,2
DA:44,2
DA:45,2
DA:46,2
DA:47,2
DA:48,2
DA:49,2
DA:50,2
DA:51,2
DA:52,2
DA:53,2
DA:54,2
DA:55,2
DA:56,2
DA:57,2
DA:58,2
DA:59,2
DA:60,2
DA:61,2
DA:62,2
DA:63,2
DA:64,2
DA:65,2
DA:66,2
DA:67,2
DA:68,2
DA:69,2
DA:70,2
DA:71,2
DA:72,2
DA:73,2
DA:74,2
DA:75,2
DA:76,2
DA:77,2
DA:78,2
DA:79,2
DA:80,2
DA:81,2
DA:82,2
DA:83,2
DA:84,2
DA:85,2
DA:86,2
DA:87,2
DA:88,2
DA:89,2
DA:90,2
DA:91,2
DA:92,2
DA:93,2
DA:94,2
DA:95,2
DA:96,2
DA:97,2
DA:98,2
DA:99,2
DA:100,2
DA:101,2
DA:102,2
DA:103,2
DA:104,2
DA:105,2
DA:106,2
DA:107,2
DA:108,2
DA:109,2
DA:110,2
DA:111,2
DA:112,2
DA:113,2
DA:114,2
DA:115,2
DA:116,2
DA:117,2
DA:118,2
DA:119,2
DA:120,2
DA:121,2
DA:122,2
DA:123,0
DA:124,0
DA:125,0
DA:126,0
DA:127,0
DA:128,0
DA:129,2
DA:130,2
DA:131,0
DA:132,0
DA:133,0
DA:134,0
DA:135,0
DA:136,0
DA:137,2
DA:138,2
DA:139,2
DA:140,2
DA:141,2
DA:142,2
DA:143,2
DA:144,2
DA:145,2
DA:146,2
DA:147,2
DA:148,2
DA:149,2
DA:150,2
DA:151,2
DA:152,2
DA:153,2
DA:154,2
DA:155,2
DA:156,2
DA:157,2
DA:158,2
DA:159,2
DA:160,2
DA:161,2
DA:162,2
DA:163,2
DA:164,2
DA:165,2
DA:166,2
DA:167,2
DA:168,2
DA:169,2
DA:170,2
DA:171,2
DA:172,2
DA:173,2
DA:174,2
DA:175,2
DA:176,2
DA:177,2
DA:178,2
DA:179,2
DA:180,2
DA:181,2
DA:182,2
DA:183,2
DA:184,2
DA:185,2
DA:186,2
DA:187,2
DA:188,2
DA:189,2
DA:190,2
DA:191,2
DA:192,2
DA:193,2
DA:194,2
DA:195,2
DA:196,2
DA:197,2
DA:198,2
DA:199,2
DA:200,2
DA:201,2
LF:201
LH:189
BRDA:23,0,0,4
BRDA:27,1,0,3
BRDA:27,2,0,1
BRDA:39,3,0,2
BRDA:122,4,0,0
BRDA:130,5,0,0
BRDA:178,6,0,0
BRDA:62,7,0,2
BRDA:77,8,0,2
BRDA:142,9,0,2
BRDA:144,10,0,10
BRDA:146,11,0,0
BRDA:148,12,0,6
BRDA:148,13,0,4
BRDA:163,14,0,2
BRDA:165,15,0,10
BRF:16
BRH:12
end_of_record
TN:
SF:features/customers/components/CustomerTabs.tsx
FN:45,CustomerTabs
FN:55,onClick
FNF:2
FNH:2
FNDA:3,CustomerTabs
FNDA:1,onClick
DA:1,1
DA:2,1
DA:3,1
DA:4,1
DA:5,1
DA:6,1
DA:7,1
DA:8,1
DA:9,1
DA:10,1
DA:11,1
DA:12,1
DA:13,1
DA:14,1
DA:15,1
DA:16,1
DA:17,1
DA:18,1
DA:19,1
DA:20,1
DA:21,1
DA:22,1
DA:23,1
DA:24,1
DA:25,1
DA:26,1
DA:27,1
DA:28,1
DA:29,1
DA:30,1
DA:31,1
DA:32,1
DA:33,1
DA:34,1
DA:35,1
DA:36,1
DA:37,1
DA:38,1
DA:39,1
DA:40,1
DA:41,1
DA:42,1
DA:43,1
DA:44,1
DA:45,1
DA:46,3
DA:47,3
DA:48,3
DA:49,21
DA:50,21
DA:51,21
DA:52,21
DA:53,21
DA:54,21
DA:55,21
DA:56,21
DA:57,21
DA:58,21
DA:59,3
DA:60,18
DA:61,21
DA:62,21
DA:63,21
DA:64,21
DA:65,21
DA:66,21
DA:67,21
DA:68,21
DA:69,3
DA:70,3
DA:71,3
LF:71
LH:71
BRDA:45,0,0,3
BRDA:48,1,0,21
BRDA:58,2,0,3
BRDA:59,3,0,18
BRDA:62,4,0,3
BRDA:62,5,0,18
BRDA:55,6,0,1
BRF:7
BRH:7
end_of_record
TN:
SF:features/customers/components/FitnessGoalsTab.tsx
FN:19,clampProgress
FN:25,getGoalStatusMeta
FN:92,FitnessGoalsTab
FN:131,handleAdd
FN:144,startEdit
FN:156,handleSaveEdit
FN:169,handleStatusChange
FN:188,onClick
FN:230,onClick
FN:239,onClick
FN:255,onClick
FN:337,onClick
FN:357,onClick
FNF:13
FNH:9
FNDA:29,clampProgress
FNDA:45,getGoalStatusMeta
FNDA:37,FitnessGoalsTab
FNDA:2,handleAdd
FNDA:3,startEdit
FNDA:1,handleSaveEdit
FNDA:0,handleStatusChange
FNDA:3,onClick
FNDA:0,onClick
FNDA:0,onClick
FNDA:0,onClick
FNDA:1,onClick
FNDA:3,onClick
DA:1,1
DA:2,1
DA:3,1
DA:4,1
DA:5,1
DA:6,1
DA:7,1
DA:8,1
DA:9,1
DA:10,1
DA:11,1
DA:12,1
DA:13,1
DA:14,1
DA:15,1
DA:16,1
DA:17,1
DA:18,1
DA:19,1
DA:20,29
DA:21,27
DA:22,27
DA:23,1
DA:24,1
DA:25,1
DA:26,45
DA:27,45
DA:28,45
DA:29,45
DA:30,45
DA:31,29
DA:32,45
DA:33,9
DA:34,45
DA:35,7
DA:36,45
DA:37,0
DA:38,45
DA:39,45
DA:40,1
DA:41,1
DA:42,1
DA:43,1
DA:44,1
DA:45,1
DA:46,1
DA:47,1
DA:48,1
DA:49,1
DA:50,1
DA:51,1
DA:52,1
DA:53,1
DA:54,1
DA:55,1
DA:56,1
DA:57,1
DA:58,1
DA:59,1
DA:60,1
DA:61,1
DA:62,1
DA:63,1
DA:64,1
DA:65,1
DA:66,1
DA:67,1
DA:68,1
DA:69,1
DA:70,1
DA:71,1
DA:72,1
DA:73,1
DA:74,1
DA:75,1
DA:76,1
DA:77,1
DA:78,1
DA:79,1
DA:80,1
DA:81,1
DA:82,1
DA:83,1
DA:84,1
DA:85,1
DA:86,1
DA:87,1
DA:88,1
DA:89,1
DA:90,1
DA:91,1
DA:92,1
DA:93,37
DA:94,37
DA:95,37
DA:96,37
DA:97,37
DA:98,37
DA:99,37
DA:100,37
DA:101,37
DA:102,37
DA:103,37
DA:104,37
DA:105,37
DA:106,37
DA:107,37
DA:108,37
DA:109,37
DA:110,37
DA:111,37
DA:112,37
DA:113,37
DA:114,37
DA:115,37
DA:116,37
DA:117,37
DA:118,37
DA:119,37
DA:120,37
DA:121,37
DA:122,37
DA:123,37
DA:124,37
DA:125,37
DA:126,37
DA:127,37
DA:128,37
DA:129,37
DA:130,37
DA:131,37
DA:132,2
DA:133,2
DA:134,2
DA:135,2
DA:136,2
DA:137,2
DA:138,2
DA:139,2
DA:140,2
DA:141,2
DA:142,37
DA:143,37
DA:144,37
DA:145,3
DA:146,3
DA:147,3
DA:148,3
DA:149,3
DA:150,3
DA:151,3
DA:152,3
DA:153,3
DA:154,37
DA:155,37
DA:156,37
DA:157,1
DA:158,1
DA:159,1
DA:160,1
DA:161,1
DA:162,1
DA:163,1
DA:164,1
DA:165,1
DA:166,1
DA:167,37
DA:168,37
DA:169,37
DA:170,0
DA:171,0
DA:172,0
DA:173,0
DA:174,0
DA:175,0
DA:176,0
DA:177,0
DA:178,37
DA:179,37
DA:180,37
DA:181,37
DA:182,37
DA:183,37
DA:184,37
DA:185,37
DA:186,37
DA:187,37
DA:188,37
DA:189,37
DA:190,37
DA:191,37
DA:192,37
DA:193,37
DA:194,37
DA:195,37
DA:196,37
DA:197,37
DA:198,37
DA:199,37
DA:200,37
DA:201,37
DA:202,37
DA:203,37
DA:204,37
DA:205,37
DA:206,37
DA:207,37
DA:208,24
DA:209,24
DA:210,24
DA:211,24
DA:212,24
DA:213,24
DA:214,24
DA:215,24
DA:216,24
DA:217,24
DA:218,24
DA:219,24
DA:220,24
DA:221,24
DA:222,24
DA:223,24
DA:224,24
DA:225,24
DA:226,24
DA:227,24
DA:228,24
DA:229,24
DA:230,24
DA:231,24
DA:232,24
DA:233,24
DA:234,24
DA:235,24
DA:236,24
DA:237,24
DA:238,24
DA:239,24
DA:240,24
DA:241,24
DA:242,24
DA:243,24
DA:244,24
DA:245,24
DA:246,24
DA:247,24
DA:248,24
DA:249,24
DA:250,24
DA:251,24
DA:252,24
DA:253,24
DA:254,24
DA:255,24
DA:256,24
DA:257,24
DA:258,24
DA:259,24
DA:260,24
DA:261,24
DA:262,24
DA:263,24
DA:264,24
DA:265,24
DA:266,24
DA:267,24
DA:268,24
DA:269,24
DA:270,24
DA:271,6
DA:272,6
DA:273,1
DA:274,6
DA:275,6
DA:276,6
DA:277,6
DA:278,6
DA:279,6
DA:280,6
DA:281,6
DA:282,6
DA:283,6
DA:284,6
DA:285,6
DA:286,6
DA:287,6
DA:288,6
DA:289,6
DA:290,6
DA:291,6
DA:292,6
DA:293,6
DA:294,6
DA:295,6
DA:296,6
DA:297,6
DA:298,6
DA:299,6
DA:300,6
DA:301,6
DA:302,6
DA:303,6
DA:304,6
DA:305,6
DA:306,6
DA:307,6
DA:308,6
DA:309,6
DA:310,6
DA:311,6
DA:312,6
DA:313,6
DA:314,6
DA:315,6
DA:316,6
DA:317,6
DA:318,6
DA:319,6
DA:320,6
DA:321,6
DA:322,6
DA:323,6
DA:324,6
DA:325,6
DA:326,6
DA:327,6
DA:328,6
DA:329,6
DA:330,6
DA:331,6
DA:332,6
DA:333,6
DA:334,6
DA:335,6
DA:336,6
DA:337,6
DA:338,6
DA:339,6
DA:340,6
DA:341,6
DA:342,6
DA:343,6
DA:344,24
DA:345,24
DA:346,24
DA:347,24
DA:348,24
DA:349,24
DA:350,24
DA:351,24
DA:352,24
DA:353,24
DA:354,24
DA:355,24
DA:356,24
DA:357,24
DA:358,24
DA:359,24
DA:360,24
DA:361,24
DA:362,24
DA:363,24
DA:364,24
DA:365,24
DA:366,24
DA:367,24
DA:368,0
DA:369,24
DA:370,24
DA:371,24
DA:372,24
DA:373,24
DA:374,24
DA:375,24
DA:376,24
DA:377,24
DA:378,24
DA:379,24
DA:380,24
DA:381,24
DA:382,37
DA:383,37
DA:384,37
DA:385,37
DA:386,37
DA:387,37
DA:388,37
DA:389,37
DA:390,37
DA:391,37
DA:392,37
DA:393,37
DA:394,37
DA:395,37
DA:396,37
DA:397,37
DA:398,37
DA:399,37
DA:400,37
DA:401,37
DA:402,37
DA:403,37
DA:404,37
DA:405,37
DA:406,37
DA:407,37
DA:408,37
DA:409,37
DA:410,37
DA:411,37
DA:412,37
DA:413,37
DA:414,37
DA:415,37
DA:416,37
DA:417,37
DA:418,37
DA:419,37
DA:420,37
DA:421,37
DA:422,37
DA:423,37
DA:424,37
DA:425,37
DA:426,37
DA:427,37
DA:428,37
DA:429,37
DA:430,37
DA:431,37
DA:432,37
DA:433,37
DA:434,37
DA:435,37
DA:436,37
DA:437,37
DA:438,37
DA:439,37
DA:440,37
DA:441,37
DA:442,37
DA:443,37
DA:444,37
LF:444
LH:434
BRDA:19,0,0,29
BRDA:20,1,0,28
BRDA:20,2,0,27
BRDA:20,3,0,2
BRDA:20,4,0,27
BRDA:25,5,0,45
BRDA:30,6,0,29
BRDA:32,7,0,9
BRDA:34,8,0,7
BRDA:36,9,0,0
BRDA:92,10,0,37
BRDA:190,11,0,3
BRDA:190,12,0,34
BRDA:197,13,0,34
BRDA:413,14,0,0
BRDA:419,15,0,0
BRDA:425,16,0,0
BRDA:433,17,0,0
BRDA:131,18,0,2
BRDA:135,19,0,1
BRDA:136,20,0,1
BRDA:144,21,0,3
BRDA:148,22,0,0
BRDA:149,23,0,0
BRDA:150,24,0,0
BRDA:151,25,0,0
BRDA:156,26,0,1
BRDA:161,27,0,0
BRDA:162,28,0,0
BRDA:188,29,0,3
BRDA:188,30,0,3
BRDA:207,31,0,24
BRDA:226,32,0,18
BRDA:252,33,0,6
BRDA:258,34,0,12
BRDA:258,35,0,6
BRDA:270,36,0,6
BRDA:282,37,0,0
BRDA:289,38,0,0
BRDA:300,39,0,0
BRDA:315,40,0,0
BRDA:329,41,0,0
BRDA:347,42,0,0
BRDA:348,43,0,0
BRDA:350,44,0,0
BRDA:351,45,0,0
BRDA:368,46,0,0
BRDA:374,47,0,22
BRDA:272,48,0,1
BRDA:318,49,0,18
BRDA:337,50,0,1
BRDA:357,51,0,3
BRDA:400,52,0,21
BRF:53
BRH:32
end_of_record
TN:
SF:features/customers/components/HealthProfileForm.tsx
FN:55,calculateBmi
FN:62,HealthProfileForm
FNF:2
FNH:1
FNDA:4,calculateBmi
FNDA:0,HealthProfileForm
DA:1,1
DA:2,1
DA:3,1
DA:4,1
DA:5,1
DA:6,1
DA:7,1
DA:8,1
DA:9,1
DA:10,1
DA:11,1
DA:12,1
DA:13,1
DA:14,1
DA:15,1
DA:16,1
DA:17,1
DA:18,1
DA:19,1
DA:20,1
DA:21,1
DA:22,1
DA:23,1
DA:24,1
DA:25,1
DA:26,1
DA:27,1
DA:28,1
DA:29,1
DA:30,1
DA:31,1
DA:32,1
DA:33,1
DA:34,1
DA:35,1
DA:36,1
DA:37,1
DA:38,1
DA:39,1
DA:40,1
DA:41,1
DA:42,1
DA:43,1
DA:44,1
DA:45,1
DA:46,1
DA:47,1
DA:48,1
DA:49,1
DA:50,1
DA:51,1
DA:52,1
DA:53,1
DA:54,1
DA:55,1
DA:56,4
DA:57,1
DA:58,1
DA:59,1
DA:60,1
DA:61,1
DA:62,1
DA:63,0
DA:64,0
DA:65,0
DA:66,0
DA:67,0
DA:68,0
DA:69,0
DA:70,0
DA:71,0
DA:72,0
DA:73,0
DA:74,0
DA:75,0
DA:76,0
DA:77,0
DA:78,0
DA:79,0
DA:80,0
DA:81,0
DA:82,0
DA:83,0
DA:84,0
DA:85,0
DA:86,0
DA:87,0
DA:88,0
DA:89,0
DA:90,0
DA:91,0
DA:92,0
DA:93,0
DA:94,0
DA:95,0
DA:96,0
DA:97,0
DA:98,0
DA:99,0
DA:100,0
DA:101,0
DA:102,0
DA:103,0
DA:104,0
DA:105,0
DA:106,0
DA:107,0
DA:108,0
DA:109,0
DA:110,0
DA:111,0
DA:112,0
DA:113,0
DA:114,0
DA:115,0
DA:116,0
DA:117,0
DA:118,0
DA:119,0
DA:120,0
DA:121,0
DA:122,0
DA:123,0
DA:124,0
DA:125,0
DA:126,0
DA:127,0
DA:128,0
DA:129,0
DA:130,0
DA:131,0
DA:132,0
DA:133,0
DA:134,0
DA:135,0
DA:136,0
DA:137,0
DA:138,0
DA:139,0
DA:140,0
DA:141,0
DA:142,0
DA:143,0
DA:144,0
DA:145,0
DA:146,0
DA:147,0
DA:148,0
DA:149,0
DA:150,0
DA:151,0
DA:152,0
DA:153,0
DA:154,0
DA:155,0
DA:156,0
DA:157,0
DA:158,0
DA:159,0
DA:160,0
DA:161,0
DA:162,0
DA:163,0
DA:164,0
DA:165,0
DA:166,0
DA:167,0
DA:168,0
DA:169,0
DA:170,0
DA:171,0
DA:172,0
DA:173,0
DA:174,0
DA:175,0
DA:176,0
DA:177,0
DA:178,0
DA:179,0
DA:180,0
DA:181,0
DA:182,0
DA:183,0
DA:184,0
DA:185,0
DA:186,0
DA:187,0
DA:188,0
DA:189,0
DA:190,0
DA:191,0
DA:192,0
DA:193,0
DA:194,0
DA:195,0
DA:196,0
DA:197,0
DA:198,0
DA:199,0
DA:200,0
DA:201,0
DA:202,0
DA:203,0
DA:204,0
DA:205,0
DA:206,0
DA:207,0
DA:208,0
DA:209,0
DA:210,0
DA:211,0
DA:212,0
DA:213,0
DA:214,0
DA:215,0
DA:216,0
DA:217,0
DA:218,0
DA:219,0
DA:220,0
DA:221,0
DA:222,0
LF:222
LH:62
BRDA:55,0,0,4
BRDA:56,1,0,2
BRDA:56,2,0,1
BRDA:56,3,0,1
BRDA:56,4,0,3
BRDA:56,5,0,1
BRF:6
BRH:6
end_of_record
TN:
SF:features/customers/components/HealthProfileTab.tsx
FN:26,TagInput
FN:29,addTag
FN:37,removeTag
FN:55,onClick
FN:64,onChange
FN:65,onKeyDown
FN:85,TagList
FN:134,HealthProfileTab
FN:156,handleSave
FN:173,beginEdit
FN:203,onClick
FN:371,onChange
FN:377,onChange
FN:383,onChange
FN:389,onChange
FN:395,onChange
FN:408,onChange
FN:414,onChange
FN:439,onClick
FN:449,Row
FNF:20
FNH:12
FNDA:85,TagInput
FNDA:3,addTag
FNDA:2,removeTag
FNDA:1,onClick
FNDA:20,onChange
FNDA:24,onKeyDown
FNDA:59,TagList
FNDA:23,HealthProfileTab
FNDA:1,handleSave
FNDA:2,beginEdit
FNDA:1,onClick
FNDA:0,onChange
FNDA:0,onChange
FNDA:0,onChange
FNDA:0,onChange
FNDA:0,onChange
FNDA:0,onChange
FNDA:0,onChange
FNDA:0,onClick
FNDA:48,Row
DA:1,1
DA:2,1
DA:3,1
DA:4,1
DA:5,1
DA:6,1
DA:7,1
DA:8,1
DA:9,1
DA:10,1
DA:11,1
DA:12,1
DA:13,1
DA:14,1
DA:15,1
DA:16,1
DA:17,1
DA:18,1
DA:19,1
DA:20,1
DA:21,1
DA:22,1
DA:23,1
DA:24,1
DA:25,1
DA:26,1
DA:27,85
DA:28,85
DA:29,85
DA:30,3
DA:31,3
DA:32,2
DA:33,2
DA:34,3
DA:35,3
DA:36,85
DA:37,85
DA:38,2
DA:39,2
DA:40,85
DA:41,85
DA:42,85
DA:43,85
DA:44,85
DA:45,85
DA:46,85
DA:47,85
DA:48,14
DA:49,14
DA:50,85
DA:51,85
DA:52,85
DA:53,85
DA:54,85
DA:55,85
DA:56,85
DA:57,85
DA:58,85
DA:59,85
DA:60,85
DA:61,85
DA:62,85
DA:63,85
DA:64,85
DA:65,85
DA:66,24
DA:67,3
DA:68,3
DA:69,3
DA:70,24
DA:71,1
DA:72,1
DA:73,24
DA:74,85
DA:75,85
DA:76,85
DA:77,85
DA:78,85
DA:79,85
DA:80,85
DA:81,85
DA:82,1
DA:83,1
DA:84,1
DA:85,1
DA:86,59
DA:87,59
DA:88,59
DA:89,59
DA:90,59
DA:91,59
DA:92,59
DA:93,59
DA:94,59
DA:95,59
DA:96,59
DA:97,1
DA:98,1
DA:99,1
DA:100,1
DA:101,1
DA:102,1
DA:103,1
DA:104,1
DA:105,1
DA:106,1
DA:107,1
DA:108,1
DA:109,1
DA:110,1
DA:111,1
DA:112,1
DA:113,1
DA:114,1
DA:115,1
DA:116,1
DA:117,1
DA:118,1
DA:119,1
DA:120,1
DA:121,1
DA:122,1
DA:123,1
DA:124,1
DA:125,1
DA:126,1
DA:127,1
DA:128,1
DA:129,1
DA:130,1
DA:131,1
DA:132,1
DA:133,1
DA:134,1
DA:135,23
DA:136,23
DA:137,23
DA:138,23
DA:139,23
DA:140,23
DA:141,23
DA:142,23
DA:143,23
DA:144,23
DA:145,23
DA:146,23
DA:147,23
DA:148,23
DA:149,23
DA:150,23
DA:151,23
DA:152,23
DA:153,23
DA:154,23
DA:155,23
DA:156,23
DA:157,1
DA:158,1
DA:159,1
DA:160,1
DA:161,1
DA:162,1
DA:163,1
DA:164,1
DA:165,1
DA:166,1
DA:167,1
DA:168,1
DA:169,1
DA:170,1
DA:171,1
DA:172,23
DA:173,23
DA:174,2
DA:175,2
DA:176,2
DA:177,2
DA:178,2
DA:179,2
DA:180,2
DA:181,2
DA:182,2
DA:183,2
DA:184,2
DA:185,2
DA:186,2
DA:187,2
DA:188,2
DA:189,2
DA:190,2
DA:191,23
DA:192,23
DA:193,23
DA:194,23
DA:195,7
DA:196,7
DA:197,7
DA:198,7
DA:199,7
DA:200,7
DA:201,7
DA:202,7
DA:203,7
DA:204,7
DA:205,7
DA:206,7
DA:207,7
DA:208,7
DA:209,7
DA:210,16
DA:211,16
DA:212,16
DA:213,16
DA:214,16
DA:215,16
DA:216,23
DA:217,23
DA:218,23
DA:219,23
DA:220,23
DA:221,23
DA:222,23
DA:223,23
DA:224,23
DA:225,23
DA:226,23
DA:227,23
DA:228,23
DA:229,23
DA:230,23
DA:231,23
DA:232,23
DA:233,23
DA:234,23
DA:235,23
DA:236,23
DA:237,23
DA:238,23
DA:239,23
DA:240,23
DA:241,23
DA:242,23
DA:243,23
DA:244,23
DA:245,23
DA:246,23
DA:247,23
DA:248,23
DA:249,23
DA:250,23
DA:251,23
DA:252,23
DA:253,23
DA:254,23
DA:255,23
DA:256,23
DA:257,23
DA:258,23
DA:259,23
DA:260,23
DA:261,23
DA:262,23
DA:263,23
DA:264,23
DA:265,23
DA:266,23
DA:267,23
DA:268,23
DA:269,23
DA:270,23
DA:271,23
DA:272,23
DA:273,23
DA:274,23
DA:275,23
DA:276,23
DA:277,23
DA:278,23
DA:279,23
DA:280,23
DA:281,23
DA:282,23
DA:283,23
DA:284,23
DA:285,23
DA:286,23
DA:287,23
DA:288,23
DA:289,23
DA:290,23
DA:291,23
DA:292,23
DA:293,23
DA:294,23
DA:295,23
DA:296,23
DA:297,23
DA:298,23
DA:299,23
DA:300,23
DA:301,23
DA:302,23
DA:303,23
DA:304,23
DA:305,23
DA:306,23
DA:307,23
DA:308,23
DA:309,23
DA:310,23
DA:311,23
DA:312,23
DA:313,23
DA:314,23
DA:315,23
DA:316,23
DA:317,23
DA:318,23
DA:319,23
DA:320,23
DA:321,23
DA:322,23
DA:323,23
DA:324,23
DA:325,23
DA:326,23
DA:327,23
DA:328,23
DA:329,23
DA:330,23
DA:331,23
DA:332,23
DA:333,23
DA:334,23
DA:335,23
DA:336,23
DA:337,23
DA:338,23
DA:339,23
DA:340,23
DA:341,23
DA:342,23
DA:343,23
DA:344,23
DA:345,23
DA:346,23
DA:347,23
DA:348,23
DA:349,23
DA:350,23
DA:351,23
DA:352,23
DA:353,23
DA:354,23
DA:355,23
DA:356,23
DA:357,23
DA:358,23
DA:359,23
DA:360,23
DA:361,23
DA:362,23
DA:363,23
DA:364,23
DA:365,23
DA:366,23
DA:367,23
DA:368,23
DA:369,23
DA:370,23
DA:371,23
DA:372,23
DA:373,23
DA:374,23
DA:375,23
DA:376,23
DA:377,23
DA:378,23
DA:379,23
DA:380,23
DA:381,23
DA:382,23
DA:383,23
DA:384,23
DA:385,23
DA:386,23
DA:387,23
DA:388,23
DA:389,23
DA:390,23
DA:391,23
DA:392,23
DA:393,23
DA:394,23
DA:395,23
DA:396,23
DA:397,23
DA:398,23
DA:399,23
DA:400,23
DA:401,23
DA:402,23
DA:403,23
DA:404,23
DA:405,23
DA:406,23
DA:407,23
DA:408,23
DA:409,23
DA:410,23
DA:411,23
DA:412,23
DA:413,23
DA:414,23
DA:415,23
DA:416,23
DA:417,23
DA:418,23
DA:419,23
DA:420,23
DA:421,23
DA:422,23
DA:423,23
DA:424,23
DA:425,23
DA:426,23
DA:427,23
DA:428,23
DA:429,23
DA:430,23
DA:431,23
DA:432,23
DA:433,23
DA:434,23
DA:435,23
DA:436,23
DA:437,23
DA:438,23
DA:439,23
DA:440,23
DA:441,23
DA:442,23
DA:443,23
DA:444,23
DA:445,23
DA:446,23
DA:447,23
DA:448,1
DA:449,48
DA:450,48
DA:451,48
DA:452,48
DA:453,48
DA:454,48
DA:455,48
DA:456,48
LF:456
LH:456
BRDA:26,0,0,85
BRDA:75,1,0,73
BRDA:75,2,0,12
BRDA:29,3,0,3
BRDA:31,4,0,2
BRDA:37,5,0,2
BRDA:38,6,0,3
BRDA:47,7,0,14
BRDA:55,8,0,1
BRDA:64,9,0,20
BRDA:65,10,0,24
BRDA:66,11,0,22
BRDA:66,12,0,3
BRDA:70,13,0,1
BRDA:70,14,0,1
BRDA:70,15,0,1
BRDA:85,16,0,59
BRDA:86,17,0,58
BRDA:89,18,0,10
BRDA:134,19,0,23
BRDA:194,20,0,13
BRDA:194,21,0,7
BRDA:209,22,0,16
BRDA:225,23,0,8
BRDA:233,24,0,0
BRDA:237,25,0,0
BRDA:239,26,0,0
BRDA:242,27,0,0
BRDA:311,28,0,2
BRDA:311,29,0,6
BRDA:312,30,0,2
BRDA:312,31,0,6
BRDA:332,32,0,0
BRDA:339,33,0,0
BRDA:370,34,0,6
BRDA:376,35,0,6
BRDA:382,36,0,6
BRDA:388,37,0,6
BRDA:394,38,0,6
BRDA:407,39,0,6
BRDA:413,40,0,6
BRDA:156,41,0,1
BRDA:173,42,0,2
BRDA:176,43,0,0
BRDA:177,44,0,0
BRDA:178,45,0,0
BRDA:180,46,0,0
BRDA:181,47,0,0
BRDA:182,48,0,0
BRDA:183,49,0,0
BRDA:184,50,0,0
BRDA:185,51,0,0
BRDA:186,52,0,0
BRDA:203,53,0,1
BRDA:354,54,0,72
BRDA:356,55,0,8
BRDA:356,56,0,64
BRDA:449,57,0,48
BRF:58
BRH:42
end_of_record
TN:
SF:features/customers/components/OverviewTab.tsx
FN:23,formatMemberSince
FN:35,toNumber
FN:45,OverviewTab
FNF:3
FNH:3
FNDA:7,formatMemberSince
FNDA:4,toNumber
FNDA:5,OverviewTab
DA:1,1
DA:2,1
DA:3,1
DA:4,1
DA:5,1
DA:6,1
DA:7,1
DA:8,1
DA:9,1
DA:10,1
DA:11,1
DA:12,1
DA:13,1
DA:14,1
DA:15,1
DA:16,1
DA:17,1
DA:18,1
DA:19,1
DA:20,1
DA:21,1
DA:22,1
DA:23,1
DA:24,7
DA:25,6
DA:26,7
DA:27,6
DA:28,6
DA:29,6
DA:30,6
DA:31,6
DA:32,6
DA:33,1
DA:34,1
DA:35,1
DA:36,4
DA:37,4
DA:38,4
DA:39,1
DA:40,1
DA:41,1
DA:42,1
DA:43,1
DA:44,1
DA:45,1
DA:46,5
DA:47,5
DA:48,5
DA:49,5
DA:50,5
DA:51,5
DA:52,5
DA:53,5
DA:54,5
DA:55,5
DA:56,5
DA:57,5
DA:58,5
DA:59,5
DA:60,5
DA:61,5
DA:62,5
DA:63,5
DA:64,5
DA:65,5
DA:66,5
DA:67,5
DA:68,5
DA:69,5
DA:70,5
DA:71,5
DA:72,5
DA:73,5
DA:74,5
DA:75,5
DA:76,5
DA:77,5
DA:78,5
DA:79,5
DA:80,5
DA:81,5
DA:82,5
DA:83,5
DA:84,5
DA:85,5
DA:86,5
DA:87,5
DA:88,5
DA:89,5
DA:90,5
DA:91,5
DA:92,5
DA:93,5
DA:94,5
DA:95,5
DA:96,5
DA:97,5
DA:98,5
DA:99,5
DA:100,5
DA:101,5
DA:102,5
DA:103,5
DA:104,5
DA:105,5
DA:106,5
DA:107,5
DA:108,5
DA:109,5
DA:110,5
DA:111,4
DA:112,4
DA:113,5
DA:114,5
DA:115,5
DA:116,5
DA:117,5
DA:118,5
DA:119,5
DA:120,5
DA:121,5
DA:122,5
DA:123,5
DA:124,5
DA:125,5
DA:126,5
DA:127,5
DA:128,5
DA:129,5
DA:130,5
DA:131,5
DA:132,5
DA:133,5
DA:134,5
DA:135,5
DA:136,5
DA:137,5
DA:138,5
DA:139,5
DA:140,5
DA:141,5
DA:142,5
DA:143,5
DA:144,5
DA:145,5
DA:146,5
DA:147,5
DA:148,5
DA:149,5
DA:150,5
DA:151,5
DA:152,5
DA:153,5
DA:154,5
DA:155,5
DA:156,5
DA:157,5
DA:158,5
DA:159,5
DA:160,5
DA:161,5
DA:162,5
DA:163,0
DA:164,5
DA:165,5
DA:166,5
DA:167,5
DA:168,5
DA:169,5
DA:170,5
DA:171,5
DA:172,5
DA:173,5
DA:174,5
DA:175,5
DA:176,5
DA:177,5
DA:178,5
DA:179,5
DA:180,5
DA:181,5
DA:182,5
DA:183,5
DA:184,5
DA:185,5
DA:186,5
DA:187,5
DA:188,5
DA:189,5
DA:190,5
DA:191,5
DA:192,5
DA:193,5
DA:194,5
DA:195,5
DA:196,5
DA:197,5
DA:198,5
DA:199,5
DA:200,5
DA:201,5
DA:202,5
DA:203,5
DA:204,5
DA:205,5
DA:206,5
DA:207,5
DA:208,5
DA:209,5
DA:210,5
DA:211,5
DA:212,5
DA:213,5
LF:213
LH:212
BRDA:23,0,0,7
BRDA:24,1,0,1
BRDA:24,2,0,6
BRDA:26,3,0,0
BRDA:26,4,0,6
BRDA:35,5,0,4
BRDA:37,6,0,3
BRDA:37,7,0,1
BRDA:45,8,0,5
BRDA:46,9,0,1
BRDA:46,10,0,4
BRDA:47,11,0,1
BRDA:47,12,0,4
BRDA:57,13,0,1
BRDA:57,14,0,1
BRDA:57,15,0,4
BRDA:62,16,0,1
BRDA:62,17,0,1
BRDA:62,18,0,4
BRDA:67,19,0,1
BRDA:67,20,0,4
BRDA:110,21,0,4
BRDA:119,22,0,2
BRDA:124,23,0,2
BRDA:126,24,0,2
BRDA:130,25,0,2
BRDA:147,26,0,1
BRDA:147,27,0,0
BRDA:147,28,0,4
BRDA:162,29,0,1
BRDA:162,30,0,0
BRDA:179,31,0,1
BRDA:179,32,0,4
BRDA:47,33,0,1
BRDA:87,34,0,20
BRF:35
BRH:32
end_of_record
TN:
SF:features/customers/components/ProfilePhotoPicker.tsx
FN:17,validateProfilePhoto
FN:28,previewUrlFor
FN:58,ProfilePhotoPicker
FN:81,onClick
FN:118,onChange
FNF:5
FNH:4
FNDA:8,validateProfilePhoto
FNDA:21,previewUrlFor
FNDA:21,ProfilePhotoPicker
FNDA:0,onClick
FNDA:3,onChange
DA:1,1
DA:2,1
DA:3,1
DA:4,1
DA:5,1
DA:6,1
DA:7,1
DA:8,1
DA:9,1
DA:10,1
DA:11,1
DA:12,1
DA:13,1
DA:14,1
DA:15,1
DA:16,1
DA:17,1
DA:18,8
DA:19,2
DA:20,2
DA:21,8
DA:22,1
DA:23,1
DA:24,5
DA:25,5
DA:26,1
DA:27,1
DA:28,21
DA:29,21
DA:30,2
DA:31,2
DA:32,2
DA:33,2
DA:34,2
DA:35,21
DA:36,1
DA:37,1
DA:38,1
DA:39,1
DA:40,1
DA:41,1
DA:42,1
DA:43,1
DA:44,1
DA:45,1
DA:46,1
DA:47,1
DA:48,1
DA:49,1
DA:50,1
DA:51,1
DA:52,1
DA:53,1
DA:54,1
DA:55,1
DA:56,1
DA:57,1
DA:58,1
DA:59,21
DA:60,21
DA:61,21
DA:62,21
DA:63,21
DA:64,21
DA:65,21
DA:66,21
DA:67,21
DA:68,21
DA:69,21
DA:70,21
DA:71,21
DA:72,21
DA:73,21
DA:74,21
DA:75,21
DA:76,21
DA:77,21
DA:78,21
DA:79,21
DA:80,21
DA:81,21
DA:82,21
DA:83,21
DA:84,3
DA:85,3
DA:86,3
DA:87,21
DA:88,21
DA:89,21
DA:90,21
DA:91,21
DA:92,21
DA:93,21
DA:94,21
DA:95,21
DA:96,21
DA:97,21
DA:98,21
DA:99,21
DA:100,21
DA:101,21
DA:102,21
DA:103,21
DA:104,21
DA:105,21
DA:106,21
DA:107,21
DA:108,21
DA:109,21
DA:110,21
DA:111,21
DA:112,21
DA:113,21
DA:114,21
DA:115,21
DA:116,21
DA:117,21
DA:118,21
DA:119,3
DA:120,3
DA:121,3
DA:122,3
DA:123,3
DA:124,21
DA:125,21
DA:126,21
DA:127,21
LF:127
LH:127
BRDA:17,0,0,8
BRDA:18,1,0,2
BRDA:20,2,0,6
BRDA:21,3,0,1
BRDA:23,4,0,5
BRDA:28,5,0,21
BRDA:29,6,0,19
BRDA:29,7,0,2
BRDA:58,8,0,21
BRDA:70,9,0,2
BRDA:70,10,0,19
BRDA:70,11,0,16
BRDA:71,12,0,3
BRDA:79,13,0,3
BRDA:79,14,0,18
BRDA:83,15,0,3
BRDA:118,16,0,3
BRDA:119,17,0,0
BRF:18
BRH:17
end_of_record
TN:
SF:features/customers/components/ProgressPhotosTab.tsx
FN:27,ProgressPhotosTab
FN:49,handleAdd
FN:65,onClick
FN:69,onClick
FN:98,onChange
FN:118,onChange
FN:161,onClick
FN:205,onClick
FN:207,onClick
FN:224,formatPhotoDate
FNF:10
FNH:7
FNDA:21,ProgressPhotosTab
FNDA:1,handleAdd
FNDA:1,onClick
FNDA:2,onClick
FNDA:0,onChange
FNDA:0,onChange
FNDA:2,onClick
FNDA:1,onClick
FNDA:0,onClick
FNDA:17,formatPhotoDate
DA:1,1
DA:2,1
DA:3,1
DA:4,1
DA:5,1
DA:6,1
DA:7,1
DA:8,1
DA:9,1
DA:10,1
DA:11,1
DA:12,1
DA:13,1
DA:14,1
DA:15,1
DA:16,1
DA:17,1
DA:18,1
DA:19,1
DA:20,1
DA:21,1
DA:22,1
DA:23,1
DA:24,1
DA:25,1
DA:26,1
DA:27,1
DA:28,21
DA:29,21
DA:30,21
DA:31,21
DA:32,21
DA:33,21
DA:34,21
DA:35,21
DA:36,21
DA:37,21
DA:38,21
DA:39,21
DA:40,21
DA:41,21
DA:42,21
DA:43,21
DA:44,21
DA:45,21
DA:46,21
DA:47,21
DA:48,21
DA:49,21
DA:50,1
DA:51,1
DA:52,1
DA:53,1
DA:54,21
DA:55,21
DA:56,3
DA:57,21
DA:58,21
DA:59,21
DA:60,21
DA:61,21
DA:62,21
DA:63,21
DA:64,21
DA:65,21
DA:66,21
DA:67,21
DA:68,21
DA:69,21
DA:70,21
DA:71,21
DA:72,21
DA:73,21
DA:74,21
DA:75,21
DA:76,21
DA:77,21
DA:78,21
DA:79,21
DA:80,21
DA:81,21
DA:82,21
DA:83,21
DA:84,21
DA:85,21
DA:86,21
DA:87,21
DA:88,21
DA:89,21
DA:90,21
DA:91,21
DA:92,21
DA:93,21
DA:94,21
DA:95,21
DA:96,21
DA:97,21
DA:98,21
DA:99,0
DA:100,21
DA:101,21
DA:102,21
DA:103,21
DA:104,21
DA:105,21
DA:106,21
DA:107,21
DA:108,21
DA:109,21
DA:110,21
DA:111,21
DA:112,21
DA:113,21
DA:114,21
DA:115,21
DA:116,21
DA:117,21
DA:118,21
DA:119,0
DA:120,21
DA:121,21
DA:122,21
DA:123,21
DA:124,21
DA:125,21
DA:126,21
DA:127,21
DA:128,21
DA:129,21
DA:130,21
DA:131,21
DA:132,21
DA:133,21
DA:134,21
DA:135,21
DA:136,21
DA:137,21
DA:138,21
DA:139,21
DA:140,21
DA:141,21
DA:142,21
DA:143,21
DA:144,21
DA:145,21
DA:146,21
DA:147,21
DA:148,21
DA:149,21
DA:150,21
DA:151,21
DA:152,21
DA:153,21
DA:154,21
DA:155,21
DA:156,21
DA:157,21
DA:158,13
DA:159,13
DA:160,21
DA:161,21
DA:162,21
DA:163,21
DA:164,21
DA:165,21
DA:166,21
DA:167,21
DA:168,21
DA:169,21
DA:170,21
DA:171,21
DA:172,21
DA:173,21
DA:174,21
DA:175,21
DA:176,21
DA:177,21
DA:178,21
DA:179,21
DA:180,21
DA:181,21
DA:182,21
DA:183,21
DA:184,21
DA:185,21
DA:186,21
DA:187,21
DA:188,21
DA:189,21
DA:190,21
DA:191,21
DA:192,21
DA:193,21
DA:194,21
DA:195,21
DA:196,21
DA:197,21
DA:198,21
DA:199,21
DA:200,21
DA:201,21
DA:202,21
DA:203,21
DA:204,21
DA:205,21
DA:206,21
DA:207,21
DA:208,21
DA:209,21
DA:210,21
DA:211,21
DA:212,21
DA:213,21
DA:214,21
DA:215,21
DA:216,21
DA:217,21
DA:218,21
DA:219,21
DA:220,21
DA:221,21
DA:222,21
DA:223,1
DA:224,17
DA:225,17
DA:226,17
DA:227,17
DA:228,17
DA:229,17
DA:230,17
LF:230
LH:228
BRDA:27,0,0,21
BRDA:66,1,0,1
BRDA:66,2,0,2
BRDA:70,3,0,2
BRDA:70,4,0,19
BRDA:78,5,0,9
BRDA:85,6,0,1
BRDA:97,7,0,0
BRDA:117,8,0,0
BRDA:155,9,0,20
BRDA:184,10,0,0
BRDA:190,11,0,0
BRDA:203,12,0,0
BRDA:211,13,0,0
BRDA:215,14,0,0
BRDA:49,15,0,1
BRDA:50,16,0,0
BRDA:55,17,0,3
BRDA:56,18,0,0
BRDA:56,19,0,0
BRDA:65,20,0,1
BRDA:65,21,0,1
BRDA:69,22,0,2
BRDA:69,23,0,2
BRDA:104,24,0,2
BRDA:124,25,0,2
BRDA:157,26,0,13
BRDA:167,27,0,0
BRDA:161,28,0,2
BRDA:205,29,0,1
BRDA:224,30,0,17
BRDA:225,31,0,0
BRDA:226,32,0,0
BRDA:228,33,0,0
BRF:34
BRH:20
end_of_record
TN:
SF:features/dashboard/components/PendingPayments.tsx
FN:13,formatDueDate
FN:18,PendingPayments
FNF:2
FNH:1
FNDA:2,formatDueDate
FNDA:0,PendingPayments
DA:1,1
DA:2,1
DA:3,1
DA:4,1
DA:5,1
DA:6,1
DA:7,1
DA:8,1
DA:9,1
DA:10,1
DA:11,1
DA:12,1
DA:13,1
DA:14,2
DA:15,1
DA:16,1
DA:17,1
DA:18,1
DA:19,0
DA:20,0
DA:21,0
DA:22,0
DA:23,0
DA:24,0
DA:25,0
DA:26,0
DA:27,0
DA:28,0
DA:29,0
DA:30,0
DA:31,0
DA:32,0
DA:33,0
DA:34,0
DA:35,0
DA:36,0
DA:37,0
DA:38,0
DA:39,0
DA:40,0
DA:41,0
DA:42,0
DA:43,0
DA:44,0
DA:45,0
DA:46,0
DA:47,0
DA:48,0
DA:49,0
DA:50,0
DA:51,0
DA:52,0
DA:53,0
DA:54,0
DA:55,0
DA:56,0
DA:57,0
DA:58,0
DA:59,0
DA:60,0
DA:61,0
DA:62,0
DA:63,0
DA:64,0
DA:65,0
DA:66,0
LF:66
LH:18
BRDA:13,0,0,2
BRDA:14,1,0,1
BRF:2
BRH:2
end_of_record
TN:
SF:features/dashboard/components/TrainerOverview.tsx
FN:13,formatTrainerRevenue
FN:18,formatTrainerRating
FN:24,TrainerOverview
FNF:3
FNH:3
FNDA:4,formatTrainerRevenue
FNDA:4,formatTrainerRating
FNDA:5,TrainerOverview
DA:1,1
DA:2,1
DA:3,1
DA:4,1
DA:5,1
DA:6,1
DA:7,1
DA:8,1
DA:9,1
DA:10,1
DA:11,1
DA:12,1
DA:13,1
DA:14,4
DA:15,4
DA:16,4
DA:17,1
DA:18,1
DA:19,4
DA:20,4
DA:21,3
DA:22,3
DA:23,1
DA:24,1
DA:25,5
DA:26,5
DA:27,5
DA:28,5
DA:29,1
DA:30,1
DA:31,1
DA:32,1
DA:33,1
DA:34,1
DA:35,1
DA:36,1
DA:37,4
DA:38,4
DA:39,4
DA:40,4
DA:41,4
DA:42,4
DA:43,4
DA:44,4
DA:45,3
DA:46,3
DA:47,5
DA:48,5
DA:49,5
DA:50,5
DA:51,5
DA:52,5
DA:53,5
DA:54,5
DA:55,5
DA:56,5
DA:57,5
DA:58,5
DA:59,5
DA:60,5
DA:61,5
DA:62,5
DA:63,5
DA:64,5
DA:65,5
DA:66,5
DA:67,5
DA:68,5
DA:69,5
DA:70,5
DA:71,5
DA:72,5
DA:73,5
DA:74,5
DA:75,5
DA:76,5
DA:77,5
DA:78,5
DA:79,5
DA:80,5
DA:81,5
DA:82,5
DA:83,5
DA:84,5
LF:84
LH:84
BRDA:13,0,0,4
BRDA:14,1,0,0
BRDA:18,2,0,4
BRDA:20,3,0,3
BRDA:20,4,0,1
BRDA:24,5,0,5
BRDA:26,6,0,2
BRDA:26,7,0,3
BRDA:28,8,0,1
BRDA:36,9,0,4
BRDA:44,10,0,3
BRDA:48,11,0,2
BRF:12
BRH:11
end_of_record
TN:
SF:features/diet/components/AssignmentTable.tsx
FN:6,formatAssignmentDate
FN:16,AssignmentTable
FNF:2
FNH:2
FNDA:4,formatAssignmentDate
FNDA:2,AssignmentTable
DA:1,1
DA:2,1
DA:3,1
DA:4,1
DA:5,1
DA:6,1
DA:7,4
DA:8,3
DA:9,3
DA:10,1
DA:11,1
DA:12,1
DA:13,1
DA:14,1
DA:15,1
DA:16,1
DA:17,2
DA:18,0
DA:19,0
DA:20,0
DA:21,0
DA:22,0
DA:23,0
DA:24,2
DA:25,2
DA:26,1
DA:27,1
DA:28,1
DA:29,1
DA:30,1
DA:31,1
DA:32,1
DA:33,1
DA:34,1
DA:35,1
DA:36,1
DA:37,1
DA:38,1
DA:39,1
DA:40,1
DA:41,1
DA:42,1
DA:43,1
DA:44,1
DA:45,1
DA:46,1
DA:47,1
DA:48,1
DA:49,1
DA:50,1
DA:51,1
DA:52,1
DA:53,1
DA:54,1
DA:55,1
DA:56,1
DA:57,1
DA:58,1
DA:59,1
DA:60,1
DA:61,1
DA:62,1
DA:63,1
DA:64,1
DA:65,1
DA:66,1
DA:67,1
DA:68,1
DA:69,1
DA:70,1
DA:71,1
DA:72,1
LF:72
LH:66
BRDA:6,0,0,4
BRDA:7,1,0,1
BRDA:7,2,0,3
BRDA:16,3,0,2
BRDA:17,4,0,0
BRDA:25,5,0,1
BRDA:49,6,0,1
BRF:7
BRH:6
end_of_record
TN:
SF:features/diet/components/DietPlanForm.tsx
FN:50,DietPlanForm
FN:129,addDay
FN:135,removeDay
FN:143,addMeal
FN:160,removeMeal
FN:174,d.meals.reduce.calories
FN:190,dayTotals.reduce.calories
FN:202,handleSubmit
FN:242,onChange
FN:252,onChange
FN:272,onChange
FN:284,onChange
FN:292,onChange
FN:300,onChange
FN:308,onChange
FN:318,onChange
FN:324,onChange
FN:356,onClick
FN:370,onClick
FN:374,onKeyDown
FN:412,onChange
FN:432,onChange
FN:458,onChange
FN:529,onClick
FNF:24
FNH:8
FNDA:8,DietPlanForm
FNDA:1,addDay
FNDA:0,removeDay
FNDA:1,addMeal
FNDA:0,removeMeal
FNDA:2,d.meals.reduce.calories
FNDA:3,dayTotals.reduce.calories
FNDA:1,handleSubmit
FNDA:0,onChange
FNDA:0,onChange
FNDA:0,onChange
FNDA:0,onChange
FNDA:0,onChange
FNDA:0,onChange
FNDA:0,onChange
FNDA:0,onChange
FNDA:0,onChange
FNDA:0,onClick
FNDA:0,onClick
FNDA:0,onKeyDown
FNDA:0,onChange
FNDA:1,onChange
FNDA:1,onChange
FNDA:0,onClick
DA:1,1
DA:2,1
DA:3,1
DA:4,1
DA:5,1
DA:6,1
DA:7,1
DA:8,1
DA:9,1
DA:10,1
DA:11,1
DA:12,1
DA:13,1
DA:14,1
DA:15,1
DA:16,1
DA:17,1
DA:18,1
DA:19,1
DA:20,1
DA:21,1
DA:22,1
DA:23,1
DA:24,1
DA:25,1
DA:26,1
DA:27,1
DA:28,1
DA:29,1
DA:30,1
DA:31,1
DA:32,1
DA:33,1
DA:34,1
DA:35,1
DA:36,1
DA:37,1
DA:38,1
DA:39,1
DA:40,1
DA:41,1
DA:42,1
DA:43,1
DA:44,1
DA:45,1
DA:46,1
DA:47,1
DA:48,1
DA:49,1
DA:50,1
DA:51,8
DA:52,8
DA:53,8
DA:54,8
DA:55,8
DA:56,8
DA:57,8
DA:58,8
DA:59,8
DA:60,8
DA:61,8
DA:62,8
DA:63,8
DA:64,8
DA:65,8
DA:66,8
DA:67,8
DA:68,8
DA:69,1
DA:70,1
DA:71,1
DA:72,1
DA:73,1
DA:74,1
DA:75,1
DA:76,1
DA:77,1
DA:78,1
DA:79,1
DA:80,1
DA:81,8
DA:82,8
DA:83,8
DA:84,8
DA:85,8
DA:86,8
DA:87,8
DA:88,8
DA:89,8
DA:90,8
DA:91,8
DA:92,8
DA:93,8
DA:94,0
DA:95,0
DA:96,0
DA:97,0
DA:98,0
DA:99,0
DA:100,0
DA:101,0
DA:102,0
DA:103,0
DA:104,0
DA:105,0
DA:106,0
DA:107,0
DA:108,0
DA:109,0
DA:110,0
DA:111,0
DA:112,0
DA:113,0
DA:114,0
DA:115,0
DA:116,0
DA:117,0
DA:118,0
DA:119,0
DA:120,0
DA:121,0
DA:122,0
DA:123,8
DA:124,8
DA:125,8
DA:126,8
DA:127,8
DA:128,8
DA:129,8
DA:130,1
DA:131,1
DA:132,1
DA:133,1
DA:134,8
DA:135,8
DA:136,0
DA:137,0
DA:138,0
DA:139,0
DA:140,0
DA:141,0
DA:142,8
DA:143,8
DA:144,1
DA:145,1
DA:146,1
DA:147,1
DA:148,1
DA:149,1
DA:150,1
DA:151,1
DA:152,1
DA:153,1
DA:154,1
DA:155,1
DA:156,1
DA:157,1
DA:158,1
DA:159,8
DA:160,8
DA:161,0
DA:162,0
DA:163,0
DA:164,0
DA:165,0
DA:166,0
DA:167,0
DA:168,0
DA:169,8
DA:170,8
DA:171,8
DA:172,6
DA:173,3
DA:174,3
DA:175,2
DA:176,2
DA:177,2
DA:178,2
DA:179,2
DA:180,2
DA:181,3
DA:182,8
DA:183,8
DA:184,8
DA:185,8
DA:186,8
DA:187,8
DA:188,8
DA:189,6
DA:190,6
DA:191,3
DA:192,3
DA:193,3
DA:194,3
DA:195,3
DA:196,3
DA:197,6
DA:198,8
DA:199,8
DA:200,8
DA:201,8
DA:202,8
DA:203,1
DA:204,1
DA:205,1
DA:206,1
DA:207,1
DA:208,1
DA:209,1
DA:210,1
DA:211,1
DA:212,1
DA:213,1
DA:214,1
DA:215,1
DA:216,1
DA:217,1
DA:218,1
DA:219,1
DA:220,1
DA:221,1
DA:222,1
DA:223,1
DA:224,1
DA:225,1
DA:226,1
DA:227,8
DA:228,8
DA:229,8
DA:230,8
DA:231,8
DA:232,8
DA:233,8
DA:234,8
DA:235,8
DA:236,8
DA:237,8
DA:238,8
DA:239,8
DA:240,8
DA:241,8
DA:242,8
DA:243,8
DA:244,8
DA:245,8
DA:246,8
DA:247,8
DA:248,8
DA:249,8
DA:250,8
DA:251,8
DA:252,8
DA:253,8
DA:254,8
DA:255,8
DA:256,8
DA:257,8
DA:258,8
DA:259,8
DA:260,8
DA:261,8
DA:262,8
DA:263,8
DA:264,8
DA:265,8
DA:266,8
DA:267,8
DA:268,8
DA:269,8
DA:270,8
DA:271,8
DA:272,8
DA:273,8
DA:274,8
DA:275,8
DA:276,8
DA:277,8
DA:278,8
DA:279,8
DA:280,8
DA:281,8
DA:282,8
DA:283,8
DA:284,8
DA:285,8
DA:286,8
DA:287,8
DA:288,8
DA:289,8
DA:290,8
DA:291,8
DA:292,8
DA:293,8
DA:294,8
DA:295,8
DA:296,8
DA:297,8
DA:298,8
DA:299,8
DA:300,8
DA:301,8
DA:302,8
DA:303,8
DA:304,8
DA:305,8
DA:306,8
DA:307,8
DA:308,8
DA:309,8
DA:310,8
DA:311,8
DA:312,8
DA:313,8
DA:314,8
DA:315,8
DA:316,8
DA:317,8
DA:318,8
DA:319,8
DA:320,8
DA:321,8
DA:322,8
DA:323,8
DA:324,8
DA:325,8
DA:326,8
DA:327,8
DA:328,8
DA:329,8
DA:330,8
DA:331,8
DA:332,8
DA:333,8
DA:334,8
DA:335,8
DA:336,8
DA:337,8
DA:338,8
DA:339,8
DA:340,8
DA:341,8
DA:342,3
DA:343,3
DA:344,3
DA:345,3
DA:346,3
DA:347,3
DA:348,3
DA:349,8
DA:350,8
DA:351,8
DA:352,8
DA:353,5
DA:354,5
DA:355,8
DA:356,8
DA:357,8
DA:358,8
DA:359,8
DA:360,0
DA:361,8
DA:362,8
DA:363,8
DA:364,8
DA:365,8
DA:366,8
DA:367,8
DA:368,8
DA:369,8
DA:370,8
DA:371,0
DA:372,0
DA:373,0
DA:374,8
DA:375,0
DA:376,0
DA:377,0
DA:378,0
DA:379,0
DA:380,8
DA:381,8
DA:382,8
DA:383,8
DA:384,8
DA:385,8
DA:386,8
DA:387,8
DA:388,8
DA:389,8
DA:390,8
DA:391,8
DA:392,8
DA:393,8
DA:394,8
DA:395,8
DA:396,8
DA:397,8
DA:398,8
DA:399,8
DA:400,8
DA:401,8
DA:402,8
DA:403,8
DA:404,8
DA:405,8
DA:406,8
DA:407,8
DA:408,8
DA:409,8
DA:410,8
DA:411,8
DA:412,8
DA:413,8
DA:414,8
DA:415,8
DA:416,8
DA:417,8
DA:418,8
DA:419,8
DA:420,8
DA:421,8
DA:422,8
DA:423,8
DA:424,8
DA:425,8
DA:426,8
DA:427,8
DA:428,8
DA:429,8
DA:430,8
DA:431,8
DA:432,8
DA:433,1
DA:434,8
DA:435,8
DA:436,8
DA:437,8
DA:438,8
DA:439,8
DA:440,8
DA:441,8
DA:442,8
DA:443,8
DA:444,8
DA:445,8
DA:446,8
DA:447,8
DA:448,8
DA:449,8
DA:450,8
DA:451,8
DA:452,8
DA:453,8
DA:454,8
DA:455,8
DA:456,8
DA:457,8
DA:458,8
DA:459,8
DA:460,8
DA:461,8
DA:462,8
DA:463,8
DA:464,8
DA:465,8
DA:466,8
DA:467,8
DA:468,8
DA:469,8
DA:470,8
DA:471,8
DA:472,8
DA:473,8
DA:474,8
DA:475,8
DA:476,8
DA:477,8
DA:478,8
DA:479,8
DA:480,8
DA:481,8
DA:482,8
DA:483,8
DA:484,8
DA:485,8
DA:486,3
DA:487,3
DA:488,3
DA:489,3
DA:490,8
DA:491,8
DA:492,8
DA:493,8
DA:494,8
DA:495,8
DA:496,8
DA:497,8
DA:498,8
DA:499,8
DA:500,8
DA:501,8
DA:502,8
DA:503,8
DA:504,8
DA:505,8
DA:506,2
DA:507,8
DA:508,8
DA:509,8
DA:510,8
DA:511,8
DA:512,8
DA:513,8
DA:514,8
DA:515,8
DA:516,8
DA:517,8
DA:518,8
DA:519,8
DA:520,8
DA:521,8
DA:522,8
DA:523,8
DA:524,8
DA:525,8
DA:526,8
DA:527,8
DA:528,8
DA:529,8
DA:530,8
DA:531,8
DA:532,8
DA:533,8
DA:534,8
DA:535,8
DA:536,8
DA:537,8
DA:538,8
DA:539,8
DA:540,8
DA:541,8
DA:542,8
DA:543,8
DA:544,8
DA:545,8
DA:546,8
DA:547,8
DA:548,8
DA:549,8
DA:550,8
DA:551,8
DA:552,8
DA:553,8
DA:554,8
DA:555,8
DA:556,8
DA:557,8
DA:558,8
DA:559,8
DA:560,8
DA:561,8
DA:562,8
DA:563,8
DA:564,8
DA:565,8
DA:566,8
DA:567,8
DA:568,8
DA:569,8
DA:570,8
DA:571,8
DA:572,8
DA:573,8
DA:574,8
DA:575,8
DA:576,8
DA:577,8
DA:578,8
DA:579,8
DA:580,8
DA:581,8
DA:582,8
DA:583,8
DA:584,8
DA:585,8
DA:586,8
LF:586
LH:534
BRDA:50,0,0,8
BRDA:58,1,0,1
BRDA:58,2,0,7
BRDA:59,3,0,1
BRDA:59,4,0,7
BRDA:60,5,0,1
BRDA:60,6,0,7
BRDA:61,7,0,1
BRDA:61,8,0,7
BRDA:62,9,0,1
BRDA:62,10,0,7
BRDA:63,11,0,1
BRDA:63,12,0,7
BRDA:64,13,0,1
BRDA:64,14,0,7
BRDA:65,15,0,1
BRDA:65,16,0,7
BRDA:66,17,0,1
BRDA:66,18,0,7
BRDA:68,19,0,1
BRDA:81,20,0,7
BRDA:93,21,0,0
BRDA:341,22,0,3
BRDA:485,23,0,3
BRDA:68,24,0,1
BRDA:71,25,0,1
BRDA:125,26,0,6
BRDA:125,27,0,6
BRDA:129,28,0,1
BRDA:131,29,0,1
BRDA:143,30,0,1
BRDA:144,31,0,0
BRDA:153,32,0,1
BRDA:154,33,0,1
BRDA:154,34,0,0
BRDA:171,35,0,6
BRDA:172,36,0,3
BRDA:174,37,0,2
BRDA:175,38,0,0
BRDA:176,39,0,0
BRDA:177,40,0,0
BRDA:178,41,0,0
BRDA:188,42,0,6
BRDA:190,43,0,3
BRDA:202,44,0,1
BRDA:204,45,0,0
BRDA:215,46,0,1
BRDA:218,47,0,1
BRDA:255,48,0,24
BRDA:352,49,0,5
BRDA:359,50,0,0
BRDA:415,51,0,25
BRDA:432,52,0,1
BRDA:433,53,0,0
BRDA:438,54,0,5
BRDA:458,55,0,1
BRDA:505,56,0,2
BRDA:508,57,0,0
BRDA:511,58,0,0
BRDA:515,59,0,0
BRDA:518,60,0,0
BRDA:521,61,0,0
BRDA:524,62,0,0
BRDA:559,63,0,32
BRF:64
BRH:48
end_of_record
TN:
SF:features/diet/components/FoodItemTable.tsx
FN:18,FoodItemTable
FN:29,handleSearch
FN:34,handleGroup
FN:39,handleVeg
FN:61,onChange
FN:69,onChange
FN:82,onChange
FN:120,onClick
FN:159,onClick
FN:166,onClick
FN:174,onClick
FN:215,onClick
FNF:12
FNH:4
FNDA:7,FoodItemTable
FNDA:1,handleSearch
FNDA:0,handleGroup
FNDA:0,handleVeg
FNDA:1,onChange
FNDA:0,onChange
FNDA:0,onChange
FNDA:1,onClick
FNDA:0,onClick
FNDA:0,onClick
FNDA:0,onClick
FNDA:0,onClick
DA:1,1
DA:2,1
DA:3,1
DA:4,1
DA:5,1
DA:6,1
DA:7,1
DA:8,1
DA:9,1
DA:10,1
DA:11,1
DA:12,1
DA:13,1
DA:14,1
DA:15,1
DA:16,1
DA:17,1
DA:18,1
DA:19,7
DA:20,7
DA:21,7
DA:22,7
DA:23,7
DA:24,7
DA:25,7
DA:26,7
DA:27,7
DA:28,7
DA:29,7
DA:30,1
DA:31,1
DA:32,1
DA:33,7
DA:34,7
DA:35,0
DA:36,0
DA:37,0
DA:38,7
DA:39,7
DA:40,0
DA:41,0
DA:42,0
DA:43,7
DA:44,7
DA:45,1
DA:46,1
DA:47,1
DA:48,1
DA:49,1
DA:50,1
DA:51,6
DA:52,6
DA:53,6
DA:54,6
DA:55,6
DA:56,6
DA:57,6
DA:58,6
DA:59,6
DA:60,6
DA:61,6
DA:62,6
DA:63,6
DA:64,6
DA:65,6
DA:66,6
DA:67,6
DA:68,6
DA:69,6
DA:70,6
DA:71,6
DA:72,6
DA:73,6
DA:74,6
DA:75,6
DA:76,6
DA:77,6
DA:78,6
DA:79,6
DA:80,6
DA:81,6
DA:82,6
DA:83,6
DA:84,6
DA:85,6
DA:86,6
DA:87,6
DA:88,6
DA:89,6
DA:90,6
DA:91,6
DA:92,6
DA:93,6
DA:94,1
DA:95,1
DA:96,1
DA:97,1
DA:98,1
DA:99,1
DA:100,1
DA:101,7
DA:102,7
DA:103,7
DA:104,7
DA:105,7
DA:106,7
DA:107,7
DA:108,7
DA:109,7
DA:110,7
DA:111,7
DA:112,7
DA:113,7
DA:114,7
DA:115,7
DA:116,7
DA:117,10
DA:118,10
DA:119,7
DA:120,7
DA:121,7
DA:122,7
DA:123,7
DA:124,7
DA:125,7
DA:126,7
DA:127,7
DA:128,7
DA:129,7
DA:130,7
DA:131,7
DA:132,7
DA:133,7
DA:134,7
DA:135,7
DA:136,7
DA:137,7
DA:138,7
DA:139,5
DA:140,5
DA:141,5
DA:142,5
DA:143,7
DA:144,7
DA:145,7
DA:146,7
DA:147,7
DA:148,7
DA:149,7
DA:150,7
DA:151,7
DA:152,7
DA:153,7
DA:154,7
DA:155,7
DA:156,7
DA:157,7
DA:158,7
DA:159,7
DA:160,7
DA:161,7
DA:162,7
DA:163,7
DA:164,7
DA:165,7
DA:166,7
DA:167,7
DA:168,7
DA:169,7
DA:170,7
DA:171,7
DA:172,7
DA:173,7
DA:174,7
DA:175,7
DA:176,7
DA:177,7
DA:178,7
DA:179,7
DA:180,7
DA:181,7
DA:182,7
DA:183,7
DA:184,0
DA:185,0
DA:186,7
DA:187,7
DA:188,7
DA:189,7
DA:190,7
DA:191,7
DA:192,7
DA:193,7
DA:194,7
DA:195,7
DA:196,7
DA:197,7
DA:198,7
DA:199,7
DA:200,7
DA:201,7
DA:202,7
DA:203,7
DA:204,7
DA:205,7
DA:206,7
DA:207,7
DA:208,7
DA:209,7
DA:210,7
DA:211,7
DA:212,7
DA:213,7
DA:214,7
DA:215,7
DA:216,7
DA:217,7
DA:218,7
DA:219,7
DA:220,7
DA:221,7
DA:222,7
DA:223,7
DA:224,7
LF:224
LH:216
BRDA:18,0,0,7
BRDA:44,1,0,1
BRDA:50,2,0,6
BRDA:93,3,0,1
BRDA:183,4,0,0
BRDA:189,5,0,0
BRDA:202,6,0,0
BRDA:29,7,0,1
BRDA:61,8,0,1
BRDA:74,9,0,48
BRDA:116,10,0,10
BRDA:135,11,0,0
BRDA:138,12,0,5
BRDA:120,13,0,1
BRDA:204,14,0,6
BRF:15
BRH:11
end_of_record
TN:
SF:features/diet/components/NutritionBars.tsx
FN:26,NutritionBars
FNF:1
FNH:1
FNDA:2,NutritionBars
DA:1,1
DA:2,1
DA:3,1
DA:4,1
DA:5,1
DA:6,1
DA:7,1
DA:8,1
DA:9,1
DA:10,1
DA:11,1
DA:12,1
DA:13,1
DA:14,1
DA:15,1
DA:16,1
DA:17,1
DA:18,1
DA:19,1
DA:20,1
DA:21,1
DA:22,1
DA:23,1
DA:24,1
DA:25,1
DA:26,1
DA:27,2
DA:28,2
DA:29,2
DA:30,2
DA:31,2
DA:32,2
DA:33,2
DA:34,2
DA:35,2
DA:36,2
DA:37,2
DA:38,2
DA:39,2
DA:40,2
DA:41,2
DA:42,2
DA:43,2
DA:44,2
DA:45,2
DA:46,2
DA:47,2
DA:48,2
DA:49,2
DA:50,2
DA:51,6
DA:52,6
DA:53,6
DA:54,6
DA:55,6
DA:56,6
DA:57,6
DA:58,6
DA:59,6
DA:60,6
DA:61,6
DA:62,6
DA:63,6
DA:64,6
DA:65,6
DA:66,6
DA:67,6
DA:68,6
DA:69,6
DA:70,6
DA:71,6
DA:72,2
DA:73,2
DA:74,2
LF:74
LH:74
BRDA:26,0,0,2
BRDA:33,1,0,1
BRDA:33,2,0,1
BRDA:33,3,0,1
BRDA:33,4,0,0
BRDA:50,5,0,6
BRF:6
BRH:5
end_of_record
TN:
SF:features/diet/components/nutritionHelpers.ts
FN:33,mealNutrition
FN:46,sumNutrition
FN:55,meals.reduce.calories
FN:67,round1
FN:72,formatNumber
FNF:5
FNH:5
FNDA:3,mealNutrition
FNDA:2,sumNutrition
FNDA:4,meals.reduce.calories
FNDA:34,round1
FNDA:120,formatNumber
DA:1,1
DA:2,1
DA:3,1
DA:4,1
DA:5,1
DA:6,1
DA:7,1
DA:8,1
DA:9,1
DA:10,1
DA:11,1
DA:12,1
DA:13,1
DA:14,1
DA:15,1
DA:16,1
DA:17,1
DA:18,1
DA:19,1
DA:20,1
DA:21,1
DA:22,1
DA:23,1
DA:24,1
DA:25,1
DA:26,1
DA:27,1
DA:28,1
DA:29,1
DA:30,1
DA:31,1
DA:32,1
DA:33,1
DA:34,3
DA:35,3
DA:36,3
DA:37,3
DA:38,3
DA:39,3
DA:40,3
DA:41,3
DA:42,3
DA:43,3
DA:44,1
DA:45,1
DA:46,1
DA:47,2
DA:48,2
DA:49,2
DA:50,2
DA:51,2
DA:52,2
DA:53,2
DA:54,2
DA:55,2
DA:56,4
DA:57,4
DA:58,4
DA:59,4
DA:60,4
DA:61,4
DA:62,2
DA:63,2
DA:64,2
DA:65,1
DA:66,1
DA:67,1
DA:68,34
DA:69,34
DA:70,1
DA:71,1
DA:72,1
DA:73,120
DA:74,21
DA:75,21
LF:75
LH:75
BRDA:33,0,0,3
BRDA:46,1,0,2
BRDA:55,2,0,4
BRDA:56,3,0,1
BRDA:57,4,0,1
BRDA:58,5,0,2
BRDA:59,6,0,2
BRDA:67,7,0,34
BRDA:72,8,0,120
BRDA:73,9,0,99
BRDA:73,10,0,21
BRF:11
BRH:11
end_of_record
TN:
SF:features/exercises/components/ExerciseCard.tsx
FN:18,ExerciseCard
FNF:1
FNH:1
FNDA:5,ExerciseCard
DA:1,1
DA:2,1
DA:3,1
DA:4,1
DA:5,1
DA:6,1
DA:7,1
DA:8,1
DA:9,1
DA:10,1
DA:11,1
DA:12,1
DA:13,1
DA:14,1
DA:15,1
DA:16,1
DA:17,1
DA:18,1
DA:19,5
DA:20,5
DA:21,5
DA:22,5
DA:23,5
DA:24,5
DA:25,5
DA:26,5
DA:27,5
DA:28,5
DA:29,5
DA:30,5
DA:31,5
DA:32,5
DA:33,5
DA:34,5
DA:35,5
DA:36,5
DA:37,5
DA:38,5
DA:39,5
DA:40,5
DA:41,5
DA:42,5
DA:43,5
DA:44,5
DA:45,5
DA:46,5
DA:47,5
DA:48,5
DA:49,5
DA:50,5
DA:51,5
DA:52,5
DA:53,5
DA:54,5
DA:55,5
DA:56,5
DA:57,5
DA:58,5
DA:59,5
DA:60,5
DA:61,5
DA:62,5
DA:63,5
DA:64,5
DA:65,5
DA:66,5
DA:67,5
DA:68,5
DA:69,5
DA:70,5
DA:71,5
DA:72,5
DA:73,5
DA:74,5
DA:75,5
DA:76,5
DA:77,5
DA:78,5
DA:79,5
DA:80,5
LF:80
LH:80
BRDA:18,0,0,5
BRDA:47,1,0,16
BRF:2
BRH:2
end_of_record
TN:
SF:features/exercises/components/ExerciseFilters.tsx
FN:18,ExerciseFilters
FN:23,update
FN:34,clearAll
FN:50,onChange
FN:74,onChange
FN:93,onChange
FN:112,onChange
FN:134,onChange
FNF:8
FNH:6
FNDA:6,ExerciseFilters
FNDA:3,update
FNDA:1,clearAll
FNDA:1,onChange
FNDA:1,onChange
FNDA:1,onChange
FNDA:0,onChange
FNDA:0,onChange
DA:1,1
DA:2,1
DA:3,1
DA:4,1
DA:5,1
DA:6,1
DA:7,1
DA:8,1
DA:9,1
DA:10,1
DA:11,1
DA:12,1
DA:13,1
DA:14,1
DA:15,1
DA:16,1
DA:17,1
DA:18,1
DA:19,6
DA:20,6
DA:21,6
DA:22,6
DA:23,6
DA:24,3
DA:25,3
DA:26,6
DA:27,6
DA:28,6
DA:29,6
DA:30,6
DA:31,6
DA:32,6
DA:33,6
DA:34,6
DA:35,1
DA:36,1
DA:37,6
DA:38,6
DA:39,6
DA:40,6
DA:41,6
DA:42,6
DA:43,6
DA:44,6
DA:45,6
DA:46,6
DA:47,6
DA:48,6
DA:49,6
DA:50,6
DA:51,6
DA:52,6
DA:53,6
DA:54,6
DA:55,6
DA:56,6
DA:57,6
DA:58,6
DA:59,6
DA:60,6
DA:61,6
DA:62,6
DA:63,6
DA:64,6
DA:65,6
DA:66,6
DA:67,6
DA:68,6
DA:69,6
DA:70,6
DA:71,6
DA:72,6
DA:73,6
DA:74,6
DA:75,6
DA:76,6
DA:77,6
DA:78,6
DA:79,6
DA:80,6
DA:81,6
DA:82,6
DA:83,6
DA:84,6
DA:85,6
DA:86,6
DA:87,6
DA:88,6
DA:89,6
DA:90,6
DA:91,6
DA:92,6
DA:93,6
DA:94,6
DA:95,6
DA:96,6
DA:97,6
DA:98,6
DA:99,6
DA:100,6
DA:101,6
DA:102,6
DA:103,6
DA:104,6
DA:105,6
DA:106,6
DA:107,6
DA:108,6
DA:109,6
DA:110,6
DA:111,6
DA:112,6
DA:113,6
DA:114,6
DA:115,6
DA:116,6
DA:117,6
DA:118,6
DA:119,6
DA:120,6
DA:121,6
DA:122,6
DA:123,6
DA:124,6
DA:125,6
DA:126,6
DA:127,6
DA:128,6
DA:129,6
DA:130,6
DA:131,6
DA:132,6
DA:133,6
DA:134,6
DA:135,6
DA:136,6
DA:137,6
DA:138,6
DA:139,6
DA:140,6
DA:141,6
DA:142,6
DA:143,6
DA:144,6
DA:145,6
DA:146,6
DA:147,6
DA:148,6
DA:149,6
DA:150,6
LF:150
LH:150
BRDA:18,0,0,6
BRDA:29,1,0,5
BRDA:30,2,0,5
BRDA:31,3,0,5
BRDA:49,4,0,4
BRDA:92,5,0,5
BRDA:23,6,0,3
BRDA:34,7,0,1
BRDA:50,8,0,1
BRDA:74,9,0,1
BRDA:74,10,0,0
BRDA:77,11,0,12
BRDA:93,12,0,1
BRDA:93,13,0,0
BRDA:96,14,0,18
BRDA:115,15,0,126
BRDA:119,16,0,144
BRDA:137,17,0,138
BRDA:141,18,0,222
BRF:19
BRH:17
end_of_record
TN:
SF:features/exercises/components/ExerciseForm.tsx
FN:47,ExerciseForm
FN:124,handleFormSubmit
FN:143,toggleMuscle
FN:153,toggleEquipment
FN:246,onClick
FN:273,onClick
FN:285,onClick
FN:301,onClick
FN:328,onClick
FN:340,onClick
FN:363,onClick
FN:373,onClick
FNF:12
FNH:4
FNDA:23,ExerciseForm
FNDA:1,handleFormSubmit
FNDA:2,toggleMuscle
FNDA:0,toggleEquipment
FNDA:2,onClick
FNDA:0,onClick
FNDA:0,onClick
FNDA:0,onClick
FNDA:0,onClick
FNDA:0,onClick
FNDA:0,onClick
FNDA:0,onClick
DA:1,1
DA:2,1
DA:3,1
DA:4,1
DA:5,1
DA:6,1
DA:7,1
DA:8,1
DA:9,1
DA:10,1
DA:11,1
DA:12,1
DA:13,1
DA:14,1
DA:15,1
DA:16,1
DA:17,1
DA:18,1
DA:19,1
DA:20,1
DA:21,1
DA:22,1
DA:23,1
DA:24,1
DA:25,1
DA:26,1
DA:27,1
DA:28,1
DA:29,1
DA:30,1
DA:31,1
DA:32,1
DA:33,1
DA:34,1
DA:35,1
DA:36,1
DA:37,1
DA:38,1
DA:39,1
DA:40,1
DA:41,1
DA:42,1
DA:43,1
DA:44,1
DA:45,1
DA:46,1
DA:47,1
DA:48,23
DA:49,23
DA:50,23
DA:51,23
DA:52,23
DA:53,23
DA:54,23
DA:55,23
DA:56,23
DA:57,23
DA:58,23
DA:59,23
DA:60,23
DA:61,23
DA:62,23
DA:63,23
DA:64,23
DA:65,23
DA:66,23
DA:67,23
DA:68,23
DA:69,23
DA:70,23
DA:71,23
DA:72,23
DA:73,23
DA:74,23
DA:75,23
DA:76,23
DA:77,23
DA:78,23
DA:79,23
DA:80,23
DA:81,23
DA:82,23
DA:83,23
DA:84,23
DA:85,23
DA:86,23
DA:87,23
DA:88,23
DA:89,23
DA:90,23
DA:91,23
DA:92,23
DA:93,23
DA:94,23
DA:95,23
DA:96,23
DA:97,23
DA:98,23
DA:99,23
DA:100,23
DA:101,23
DA:102,8
DA:103,1
DA:104,1
DA:105,1
DA:106,1
DA:107,1
DA:108,1
DA:109,1
DA:110,0
DA:111,1
DA:112,1
DA:113,0
DA:114,1
DA:115,1
DA:116,0
DA:117,1
DA:118,1
DA:119,1
DA:120,1
DA:121,1
DA:122,23
DA:123,23
DA:124,23
DA:125,1
DA:126,1
DA:127,1
DA:128,1
DA:129,1
DA:130,1
DA:131,1
DA:132,1
DA:133,1
DA:134,1
DA:135,1
DA:136,1
DA:137,1
DA:138,1
DA:139,23
DA:140,23
DA:141,23
DA:142,23
DA:143,23
DA:144,2
DA:145,2
DA:146,1
DA:147,1
DA:148,1
DA:149,1
DA:150,1
DA:151,2
DA:152,23
DA:153,23
DA:154,0
DA:155,0
DA:156,0
DA:157,0
DA:158,0
DA:159,0
DA:160,0
DA:161,0
DA:162,23
DA:163,23
DA:164,23
DA:165,23
DA:166,23
DA:167,23
DA:168,23
DA:169,23
DA:170,23
DA:171,23
DA:172,23
DA:173,23
DA:174,23
DA:175,23
DA:176,23
DA:177,23
DA:178,23
DA:179,23
DA:180,23
DA:181,23
DA:182,23
DA:183,23
DA:184,23
DA:185,23
DA:186,23
DA:187,23
DA:188,23
DA:189,23
DA:190,23
DA:191,23
DA:192,23
DA:193,23
DA:194,23
DA:195,23
DA:196,23
DA:197,23
DA:198,23
DA:199,23
DA:200,23
DA:201,23
DA:202,23
DA:203,23
DA:204,23
DA:205,23
DA:206,23
DA:207,23
DA:208,23
DA:209,23
DA:210,23
DA:211,23
DA:212,23
DA:213,23
DA:214,23
DA:215,23
DA:216,23
DA:217,23
DA:218,23
DA:219,23
DA:220,23
DA:221,23
DA:222,23
DA:223,23
DA:224,23
DA:225,23
DA:226,23
DA:227,23
DA:228,23
DA:229,23
DA:230,23
DA:231,23
DA:232,23
DA:233,23
DA:234,23
DA:235,23
DA:236,23
DA:237,23
DA:238,23
DA:239,23
DA:240,23
DA:241,483
DA:242,483
DA:243,483
DA:244,483
DA:245,483
DA:246,483
DA:247,483
DA:248,483
DA:249,8
DA:250,475
DA:251,483
DA:252,483
DA:253,483
DA:254,483
DA:255,483
DA:256,483
DA:257,483
DA:258,483
DA:259,483
DA:260,483
DA:261,23
DA:262,23
DA:263,23
DA:264,23
DA:265,23
DA:266,23
DA:267,23
DA:268,23
DA:269,23
DA:270,23
DA:271,23
DA:272,23
DA:273,23
DA:274,23
DA:275,23
DA:276,23
DA:277,23
DA:278,23
DA:279,23
DA:280,23
DA:281,23
DA:282,23
DA:283,23
DA:284,23
DA:285,23
DA:286,23
DA:287,23
DA:288,23
DA:289,23
DA:290,23
DA:291,23
DA:292,23
DA:293,23
DA:294,23
DA:295,23
DA:296,529
DA:297,529
DA:298,529
DA:299,529
DA:300,529
DA:301,529
DA:302,529
DA:303,529
DA:304,4
DA:305,525
DA:306,529
DA:307,529
DA:308,529
DA:309,529
DA:310,529
DA:311,529
DA:312,529
DA:313,529
DA:314,529
DA:315,529
DA:316,23
DA:317,23
DA:318,23
DA:319,23
DA:320,23
DA:321,23
DA:322,23
DA:323,23
DA:324,23
DA:325,23
DA:326,23
DA:327,23
DA:328,23
DA:329,23
DA:330,23
DA:331,23
DA:332,23
DA:333,23
DA:334,23
DA:335,23
DA:336,23
DA:337,23
DA:338,23
DA:339,23
DA:340,23
DA:341,23
DA:342,23
DA:343,23
DA:344,23
DA:345,23
DA:346,23
DA:347,23
DA:348,23
DA:349,23
DA:350,23
DA:351,23
DA:352,23
DA:353,23
DA:354,23
DA:355,23
DA:356,23
DA:357,23
DA:358,23
DA:359,23
DA:360,23
DA:361,23
DA:362,23
DA:363,23
DA:364,23
DA:365,23
DA:366,23
DA:367,23
DA:368,23
DA:369,23
DA:370,23
DA:371,23
DA:372,23
DA:373,23
DA:374,23
DA:375,23
DA:376,23
DA:377,23
DA:378,23
DA:379,23
DA:380,23
DA:381,23
DA:382,23
DA:383,23
DA:384,23
DA:385,23
DA:386,23
DA:387,23
DA:388,23
DA:389,23
DA:390,23
DA:391,23
DA:392,23
DA:393,23
DA:394,23
DA:395,23
DA:396,23
DA:397,23
DA:398,23
DA:399,23
DA:400,23
DA:401,23
DA:402,23
DA:403,23
DA:404,23
DA:405,23
DA:406,23
DA:407,23
DA:408,23
DA:409,23
DA:410,23
DA:411,23
DA:412,23
DA:413,23
DA:414,23
DA:415,23
DA:416,23
DA:417,23
DA:418,23
DA:419,23
DA:420,23
DA:421,23
DA:422,23
DA:423,23
DA:424,23
DA:425,23
DA:426,23
DA:427,23
DA:428,23
LF:428
LH:417
BRDA:47,0,0,23
BRDA:174,1,0,1
BRDA:189,2,0,0
BRDA:211,3,0,1
BRDA:231,4,0,0
BRDA:385,5,0,0
BRDA:400,6,0,0
BRDA:416,7,0,0
BRDA:101,8,0,8
BRDA:102,9,0,1
BRDA:110,10,0,0
BRDA:113,11,0,0
BRDA:116,12,0,0
BRDA:124,13,0,1
BRDA:127,14,0,0
BRDA:133,15,0,0
BRDA:134,16,0,0
BRDA:135,17,0,0
BRDA:132,18,0,1
BRDA:143,19,0,2
BRDA:145,20,0,1
BRDA:147,21,0,0
BRDA:144,22,0,1
BRDA:146,23,0,1
BRDA:205,24,0,46
BRDA:225,25,0,69
BRDA:240,26,0,483
BRDA:248,27,0,8
BRDA:249,28,0,475
BRDA:246,29,0,2
BRDA:256,30,0,552
BRDA:264,31,0,10
BRDA:295,32,0,529
BRDA:303,33,0,4
BRDA:304,34,0,525
BRDA:311,35,0,851
BRDA:319,36,0,4
BRDA:351,37,0,10
BRF:38
BRH:25
end_of_record
TN:
SF:features/exercises/components/helpers.ts
FN:69,formatDifficulty
FN:73,difficultyBadgeVariant
FN:88,formatMuscleGroup
FN:95,formatEquipment
FN:102,isMediaUrl
FN:107,isVideoUrl
FN:112,isImageUrl
FNF:7
FNH:7
FNDA:8,formatDifficulty
FNDA:8,difficultyBadgeVariant
FNDA:18,formatMuscleGroup
FNDA:2,formatEquipment
FNDA:4,isMediaUrl
FNDA:3,isVideoUrl
FNDA:3,isImageUrl
DA:1,1
DA:2,1
DA:3,1
DA:4,1
DA:5,1
DA:6,1
DA:7,1
DA:8,1
DA:9,1
DA:10,1
DA:11,1
DA:12,1
DA:13,1
DA:14,1
DA:15,1
DA:16,1
DA:17,1
DA:18,1
DA:19,1
DA:20,1
DA:21,1
DA:22,1
DA:23,1
DA:24,1
DA:25,1
DA:26,1
DA:27,1
DA:28,1
DA:29,1
DA:30,1
DA:31,1
DA:32,1
DA:33,1
DA:34,1
DA:35,1
DA:36,1
DA:37,1
DA:38,1
DA:39,1
DA:40,1
DA:41,1
DA:42,1
DA:43,1
DA:44,1
DA:45,1
DA:46,1
DA:47,1
DA:48,1
DA:49,1
DA:50,1
DA:51,1
DA:52,1
DA:53,1
DA:54,1
DA:55,1
DA:56,1
DA:57,1
DA:58,1
DA:59,1
DA:60,1
DA:61,1
DA:62,1
DA:63,1
DA:64,1
DA:65,1
DA:66,1
DA:67,1
DA:68,1
DA:69,1
DA:70,8
DA:71,8
DA:72,1
DA:73,1
DA:74,8
DA:75,8
DA:76,8
DA:77,8
DA:78,1
DA:79,8
DA:80,6
DA:81,8
DA:82,1
DA:83,8
DA:84,0
DA:85,8
DA:86,8
DA:87,1
DA:88,1
DA:89,18
DA:90,18
DA:91,18
DA:92,18
DA:93,18
DA:94,1
DA:95,1
DA:96,2
DA:97,2
DA:98,2
DA:99,2
DA:100,2
DA:101,1
DA:102,1
DA:103,4
DA:104,2
DA:105,2
DA:106,1
DA:107,1
DA:108,3
DA:109,3
DA:110,3
DA:111,1
DA:112,1
DA:113,3
DA:114,3
DA:115,3
LF:115
LH:114
BRDA:69,0,0,8
BRDA:70,1,0,0
BRDA:73,2,0,8
BRDA:77,3,0,1
BRDA:79,4,0,6
BRDA:81,5,0,1
BRDA:83,6,0,0
BRDA:88,7,0,18
BRDA:91,8,0,19
BRDA:95,9,0,2
BRDA:98,10,0,3
BRDA:102,11,0,4
BRDA:103,12,0,2
BRDA:107,13,0,3
BRDA:108,14,0,0
BRDA:109,15,0,2
BRDA:112,16,0,3
BRDA:113,17,0,0
BRF:18
BRH:14
end_of_record
TN:
SF:features/feedback/components/FeedbackForm.tsx
FN:17,FeedbackForm
FN:30,handleSubmit
FN:69,onMouseEnter
FN:70,onMouseLeave
FN:71,onClick
FN:98,onChange
FN:118,onChange
FN:131,onChange
FNF:8
FNH:8
FNDA:28,FeedbackForm
FNDA:2,handleSubmit
FNDA:1,onMouseEnter
FNDA:1,onMouseLeave
FNDA:1,onClick
FNDA:1,onChange
FNDA:16,onChange
FNDA:1,onChange
DA:1,1
DA:2,1
DA:3,1
DA:4,1
DA:5,1
DA:6,1
DA:7,1
DA:8,1
DA:9,1
DA:10,1
DA:11,1
DA:12,1
DA:13,1
DA:14,1
DA:15,1
DA:16,1
DA:17,1
DA:18,28
DA:19,28
DA:20,28
DA:21,28
DA:22,28
DA:23,28
DA:24,28
DA:25,28
DA:26,28
DA:27,28
DA:28,28
DA:29,28
DA:30,28
DA:31,2
DA:32,2
DA:33,1
DA:34,1
DA:35,1
DA:36,2
DA:37,0
DA:38,0
DA:39,0
DA:40,2
DA:41,0
DA:42,0
DA:43,0
DA:44,1
DA:45,1
DA:46,1
DA:47,1
DA:48,1
DA:49,1
DA:50,1
DA:51,1
DA:52,28
DA:53,28
DA:54,28
DA:55,28
DA:56,28
DA:57,28
DA:58,28
DA:59,28
DA:60,28
DA:61,28
DA:62,28
DA:63,140
DA:64,140
DA:65,140
DA:66,140
DA:67,140
DA:68,140
DA:69,140
DA:70,140
DA:71,140
DA:72,140
DA:73,140
DA:74,140
DA:75,140
DA:76,140
DA:77,88
DA:78,52
DA:79,140
DA:80,140
DA:81,140
DA:82,140
DA:83,140
DA:84,28
DA:85,28
DA:86,28
DA:87,28
DA:88,28
DA:89,28
DA:90,28
DA:91,28
DA:92,28
DA:93,28
DA:94,28
DA:95,28
DA:96,28
DA:97,28
DA:98,28
DA:99,28
DA:100,28
DA:101,28
DA:102,28
DA:103,28
DA:104,28
DA:105,28
DA:106,28
DA:107,28
DA:108,28
DA:109,28
DA:110,28
DA:111,28
DA:112,28
DA:113,28
DA:114,28
DA:115,28
DA:116,28
DA:117,28
DA:118,28
DA:119,28
DA:120,28
DA:121,28
DA:122,28
DA:123,28
DA:124,28
DA:125,28
DA:126,28
DA:127,28
DA:128,28
DA:129,28
DA:130,28
DA:131,28
DA:132,28
DA:133,28
DA:134,28
DA:135,28
DA:136,28
DA:137,28
DA:138,28
DA:139,28
DA:140,28
DA:141,28
DA:142,28
DA:143,28
DA:144,28
DA:145,28
DA:146,28
DA:147,28
LF:147
LH:141
BRDA:17,0,0,28
BRDA:30,1,0,2
BRDA:32,2,0,1
BRDA:36,3,0,0
BRDA:39,4,0,1
BRDA:40,5,0,0
BRDA:43,6,0,1
BRDA:62,7,0,140
BRDA:63,8,0,130
BRDA:68,9,0,112
BRDA:68,10,0,28
BRDA:76,11,0,88
BRDA:77,12,0,52
BRDA:69,13,0,1
BRDA:70,14,0,1
BRDA:71,15,0,1
BRDA:98,16,0,1
BRDA:102,17,0,140
BRDA:118,18,0,16
BRDA:131,19,0,1
BRF:20
BRH:18
end_of_record
TN:
SF:features/feedback/components/FeedbackTable.tsx
FN:23,FeedbackTable
FN:31,toggleRespond
FN:35,handleSubmit
FN:86,onClick
FN:112,onChange
FN:124,onClick
FNF:6
FNH:6
FNDA:32,FeedbackTable
FNDA:2,toggleRespond
FNDA:1,handleSubmit
FNDA:2,onClick
FNDA:24,onChange
FNDA:1,onClick
DA:1,1
DA:2,1
DA:3,1
DA:4,1
DA:5,1
DA:6,1
DA:7,1
DA:8,1
DA:9,1
DA:10,1
DA:11,1
DA:12,1
DA:13,1
DA:14,1
DA:15,1
DA:16,1
DA:17,1
DA:18,1
DA:19,1
DA:20,1
DA:21,1
DA:22,1
DA:23,1
DA:24,32
DA:25,32
DA:26,32
DA:27,32
DA:28,32
DA:29,32
DA:30,32
DA:31,32
DA:32,2
DA:33,2
DA:34,32
DA:35,32
DA:36,1
DA:37,1
DA:38,1
DA:39,1
DA:40,1
DA:41,1
DA:42,32
DA:43,32
DA:44,1
DA:45,1
DA:46,1
DA:47,1
DA:48,1
DA:49,1
DA:50,31
DA:51,31
DA:52,31
DA:53,31
DA:54,33
DA:55,33
DA:56,33
DA:57,33
DA:58,33
DA:59,33
DA:60,33
DA:61,33
DA:62,33
DA:63,33
DA:64,33
DA:65,33
DA:66,33
DA:67,33
DA:68,33
DA:69,33
DA:70,33
DA:71,33
DA:72,33
DA:73,33
DA:74,33
DA:75,33
DA:76,33
DA:77,33
DA:78,33
DA:79,33
DA:80,33
DA:81,33
DA:82,33
DA:83,33
DA:84,33
DA:85,33
DA:86,33
DA:87,33
DA:88,33
DA:89,33
DA:90,33
DA:91,33
DA:92,33
DA:93,33
DA:94,33
DA:95,33
DA:96,33
DA:97,33
DA:98,33
DA:99,33
DA:100,33
DA:101,33
DA:102,33
DA:103,33
DA:104,33
DA:105,33
DA:106,33
DA:107,33
DA:108,33
DA:109,33
DA:110,33
DA:111,33
DA:112,33
DA:113,24
DA:114,33
DA:115,33
DA:116,33
DA:117,33
DA:118,33
DA:119,33
DA:120,33
DA:121,33
DA:122,33
DA:123,33
DA:124,33
DA:125,33
DA:126,33
DA:127,33
DA:128,33
DA:129,33
DA:130,33
DA:131,33
DA:132,33
DA:133,33
DA:134,31
DA:135,31
DA:136,31
LF:136
LH:136
BRDA:23,0,0,32
BRDA:43,1,0,1
BRDA:49,2,0,31
BRDA:31,3,0,2
BRDA:32,4,0,2
BRDA:32,5,0,0
BRDA:35,6,0,1
BRDA:36,7,0,0
BRDA:37,8,0,0
BRDA:39,9,0,1
BRDA:53,10,0,33
BRDA:79,11,0,2
BRDA:79,12,0,31
BRDA:90,13,0,2
BRDA:90,14,0,31
BRDA:96,15,0,2
BRDA:111,16,0,2
BRDA:123,17,0,2
BRDA:86,18,0,2
BRDA:112,19,0,24
BRDA:113,20,0,24
BRDA:124,21,0,1
BRF:22
BRH:19
end_of_record
TN:
SF:features/feedback/components/feedbackHelpers.ts
FN:23,getCategoryLabel
FN:28,getFeedbackAuthorName
FN:34,hasResponse
FN:39,formatFeedbackDate
FN:47,renderStars
FN:53,getRatingVariant
FN:62,getResponseVariant
FNF:7
FNH:7
FNDA:178,getCategoryLabel
FNDA:36,getFeedbackAuthorName
FNDA:71,hasResponse
FNDA:37,formatFeedbackDate
FNDA:38,renderStars
FNDA:38,getRatingVariant
FNDA:35,getResponseVariant
DA:1,1
DA:2,1
DA:3,1
DA:4,1
DA:5,1
DA:6,1
DA:7,1
DA:8,1
DA:9,1
DA:10,1
DA:11,1
DA:12,1
DA:13,1
DA:14,1
DA:15,1
DA:16,1
DA:17,1
DA:18,1
DA:19,1
DA:20,1
DA:21,1
DA:22,1
DA:23,1
DA:24,178
DA:25,178
DA:26,1
DA:27,1
DA:28,1
DA:29,36
DA:30,36
DA:31,36
DA:32,1
DA:33,1
DA:34,1
DA:35,71
DA:36,71
DA:37,1
DA:38,1
DA:39,1
DA:40,37
DA:41,36
DA:42,37
DA:43,36
DA:44,36
DA:45,1
DA:46,1
DA:47,1
DA:48,38
DA:49,38
DA:50,38
DA:51,1
DA:52,1
DA:53,1
DA:54,38
DA:55,38
DA:56,38
DA:57,38
DA:58,4
DA:59,4
[...]
DA:321,1
DA:322,1
DA:323,1
DA:324,1
DA:325,1
DA:326,1
DA:327,1
DA:328,1
DA:329,1
DA:330,1
DA:331,1
DA:332,1
DA:333,1
DA:334,1
DA:335,0
DA:336,0
DA:337,0
DA:338,0
DA:339,0
DA:340,0
DA:341,0
DA:342,0
DA:343,0
DA:344,0
DA:345,1
DA:346,1
DA:347,0
DA:348,0
DA:349,0
DA:350,0
DA:351,0
DA:352,1
DA:353,1
DA:354,1
DA:355,1
DA:356,1
DA:357,1
DA:358,1
DA:359,1
DA:360,1
DA:361,1
DA:362,1
DA:363,1
DA:364,1
DA:365,1
DA:366,1
DA:367,1
DA:368,1
DA:369,1
DA:370,0
DA:371,0
DA:372,1
DA:373,1
DA:374,0
DA:375,0
DA:376,0
DA:377,0
DA:378,0
DA:379,1
DA:380,1
DA:381,0
DA:382,0
DA:383,0
DA:384,0
DA:385,0
DA:386,0
DA:387,0
DA:388,0
DA:389,0
DA:390,1
DA:391,1
DA:392,0
DA:393,0
DA:394,0
DA:395,0
DA:396,0
DA:397,0
DA:398,0
DA:399,0
DA:400,0
DA:401,0
DA:402,1
DA:403,1
DA:404,0
DA:405,0
DA:406,0
DA:407,0
DA:408,0
DA:409,1
DA:410,1
DA:411,1
DA:412,1
DA:413,0
DA:414,0
DA:415,1
DA:416,1
DA:417,0
DA:418,0
DA:419,0
DA:420,0
DA:421,0
DA:422,0
DA:423,0
DA:424,0
DA:425,0
DA:426,1
DA:427,1
DA:428,0
DA:429,0
DA:430,0
DA:431,0
DA:432,0
DA:433,1
DA:434,1
DA:435,1
DA:436,1
DA:437,0
DA:438,0
DA:439,1
DA:440,1
DA:441,0
DA:442,0
DA:443,0
DA:444,0
DA:445,0
DA:446,0
DA:447,1
DA:448,1
DA:449,0
DA:450,0
DA:451,0
DA:452,0
DA:453,0
DA:454,0
DA:455,0
DA:456,0
DA:457,0
DA:458,0
DA:459,1
DA:460,1
DA:461,0
DA:462,0
DA:463,0
DA:464,0
DA:465,0
DA:466,1
DA:467,1
DA:468,1
DA:469,1
DA:470,1
DA:471,1
DA:472,1
DA:473,1
DA:474,1
DA:475,1
DA:476,1
DA:477,1
DA:478,1
DA:479,0
DA:480,0
DA:481,1
DA:482,1
DA:483,0
DA:484,0
DA:485,1
DA:486,1
DA:487,0
DA:488,0
DA:489,0
DA:490,0
DA:491,0
DA:492,0
DA:493,1
DA:494,1
DA:495,0
DA:496,0
DA:497,1
DA:498,1
DA:499,1
DA:500,1
DA:501,0
DA:502,0
DA:503,1
DA:504,1
DA:505,0
DA:506,0
DA:507,1
DA:508,1
DA:509,1
DA:510,1
DA:511,1
DA:512,1
DA:513,1
DA:514,1
DA:515,1
DA:516,1
DA:517,1
DA:518,1
DA:519,1
DA:520,1
DA:521,1
DA:522,0
DA:523,0
DA:524,0
DA:525,0
DA:526,0
DA:527,0
DA:528,0
DA:529,0
DA:530,0
DA:531,1
DA:532,1
DA:533,1
DA:534,0
DA:535,0
DA:536,0
DA:537,0
DA:538,0
DA:539,0
DA:540,0
DA:541,0
DA:542,0
DA:543,1
DA:544,1
DA:545,1
DA:546,0
DA:547,0
DA:548,1
DA:549,1
DA:550,1
DA:551,0
DA:552,0
DA:553,0
DA:554,0
DA:555,0
DA:556,0
DA:557,0
DA:558,0
DA:559,0
DA:560,1
DA:561,1
DA:562,1
DA:563,0
DA:564,0
DA:565,0
DA:566,0
DA:567,0
DA:568,0
DA:569,0
DA:570,0
DA:571,0
DA:572,0
DA:573,0
DA:574,0
DA:575,1
DA:576,1
DA:577,1
DA:578,1
DA:579,1
DA:580,1
DA:581,1
DA:582,1
DA:583,1
DA:584,1
DA:585,1
DA:586,0
DA:587,0
DA:588,1
DA:589,1
DA:590,0
DA:591,0
DA:592,1
DA:593,1
DA:594,0
DA:595,0
DA:596,1
DA:597,1
DA:598,0
DA:599,0
DA:600,0
DA:601,0
DA:602,0
DA:603,0
DA:604,0
DA:605,0
DA:606,0
DA:607,0
DA:608,0
DA:609,0
DA:610,1
DA:611,1
DA:612,0
DA:613,0
DA:614,1
DA:615,1
DA:616,0
DA:617,0
DA:618,0
DA:619,0
DA:620,0
DA:621,0
DA:622,1
DA:623,1
DA:624,0
DA:625,0
DA:626,0
DA:627,0
DA:628,0
DA:629,1
DA:630,1
DA:631,1
DA:632,1
DA:633,1
DA:634,1
DA:635,1
DA:636,1
DA:637,1
DA:638,1
DA:639,1
DA:640,1
DA:641,1
DA:642,1
DA:643,1
DA:644,0
DA:645,0
DA:646,1
DA:647,1
DA:648,0
DA:649,0
DA:650,1
DA:651,1
DA:652,0
DA:653,0
DA:654,0
DA:655,0
DA:656,0
DA:657,0
DA:658,1
DA:659,1
DA:660,0
DA:661,0
DA:662,0
DA:663,0
DA:664,0
DA:665,0
DA:666,0
DA:667,0
DA:668,0
DA:669,0
DA:670,1
DA:671,1
DA:672,0
DA:673,0
DA:674,0
DA:675,0
DA:676,0
DA:677,1
DA:678,1
DA:679,1
DA:680,1
DA:681,0
DA:682,0
DA:683,1
DA:684,1
DA:685,0
DA:686,0
DA:687,0
DA:688,0
DA:689,0
DA:690,0
DA:691,0
DA:692,0
DA:693,0
DA:694,1
DA:695,1
DA:696,1
DA:697,1
DA:698,0
DA:699,0
DA:700,1
DA:701,1
DA:702,0
DA:703,0
DA:704,0
DA:705,0
DA:706,0
DA:707,0
DA:708,0
DA:709,0
DA:710,0
DA:711,1
DA:712,1
DA:713,1
DA:714,1
DA:715,1
DA:716,1
DA:717,1
DA:718,1
DA:719,1
DA:720,1
DA:721,1
DA:722,8
DA:723,8
DA:724,0
DA:725,0
DA:726,0
DA:727,8
DA:728,0
DA:729,0
DA:730,0
DA:731,8
DA:732,8
DA:733,1
DA:734,1
DA:735,1
DA:736,1
DA:737,1
DA:738,1
DA:739,1
DA:740,1
DA:741,1
DA:742,1
DA:743,1
DA:744,0
DA:745,0
DA:746,1
DA:747,1
DA:748,0
DA:749,0
DA:750,1
DA:751,1
DA:752,0
DA:753,0
DA:754,1
DA:755,1
DA:756,0
DA:757,0
DA:758,1
DA:759,1
DA:760,3
DA:761,3
DA:762,3
DA:763,3
DA:764,3
DA:765,3
DA:766,3
DA:767,1
DA:768,1
DA:769,2
DA:770,2
DA:771,2
DA:772,2
DA:773,2
DA:774,2
DA:775,2
DA:776,2
DA:777,1
DA:778,1
DA:779,2
DA:780,2
DA:781,2
DA:782,2
DA:783,2
DA:784,2
DA:785,2
DA:786,2
DA:787,1
DA:788,1
DA:789,2
DA:790,2
DA:791,2
DA:792,2
DA:793,2
DA:794,2
DA:795,2
DA:796,2
DA:797,1
DA:798,1
DA:799,2
DA:800,2
DA:801,2
DA:802,2
DA:803,2
DA:804,2
DA:805,2
DA:806,2
DA:807,1
DA:808,1
DA:809,0
DA:810,0
DA:811,0
DA:812,0
DA:813,1
DA:814,1
DA:815,0
DA:816,0
DA:817,0
DA:818,0
DA:819,0
DA:820,1
DA:821,1
DA:822,1
DA:823,1
DA:824,1
DA:825,1
DA:826,1
DA:827,1
DA:828,1
DA:829,1
DA:830,1
DA:831,1
DA:832,1
DA:833,1
DA:834,1
DA:835,1
DA:836,1
DA:837,1
DA:838,1
DA:839,0
DA:840,0
DA:841,0
DA:842,0
DA:843,0
DA:844,0
DA:845,0
DA:846,0
DA:847,0
DA:848,0
DA:849,1
DA:850,1
DA:851,0
DA:852,0
DA:853,0
DA:854,0
DA:855,0
DA:856,0
DA:857,0
DA:858,0
DA:859,0
DA:860,1
DA:861,1
DA:862,0
DA:863,0
DA:864,0
DA:865,0
DA:866,0
DA:867,0
DA:868,0
DA:869,0
DA:870,0
DA:871,0
DA:872,1
DA:873,1
DA:874,0
DA:875,0
DA:876,0
DA:877,0
DA:878,0
DA:879,1
DA:880,1
DA:881,1
DA:882,1
DA:883,0
DA:884,0
DA:885,0
DA:886,0
DA:887,0
DA:888,0
DA:889,0
DA:890,0
DA:891,0
DA:892,1
DA:893,1
DA:894,0
DA:895,0
DA:896,0
DA:897,0
DA:898,0
DA:899,1
DA:900,1
DA:901,0
DA:902,0
DA:903,0
DA:904,0
DA:905,0
DA:906,0
DA:907,0
DA:908,0
DA:909,0
DA:910,1
DA:911,1
DA:912,0
DA:913,0
DA:914,0
DA:915,0
DA:916,0
DA:917,0
DA:918,0
DA:919,0
DA:920,0
DA:921,0
DA:922,1
DA:923,1
DA:924,0
DA:925,0
DA:926,0
DA:927,0
DA:928,0
DA:929,1
DA:930,1
DA:931,0
DA:932,0
DA:933,0
DA:934,0
DA:935,0
DA:936,0
DA:937,0
DA:938,1
DA:939,1
DA:940,0
DA:941,0
DA:942,0
DA:943,0
DA:944,0
DA:945,0
DA:946,0
DA:947,0
DA:948,1
DA:949,1
DA:950,1
DA:951,1
DA:952,0
DA:953,0
DA:954,0
DA:955,0
DA:956,0
DA:957,0
DA:958,0
DA:959,0
DA:960,0
DA:961,0
DA:962,0
DA:963,0
DA:964,1
DA:965,1
DA:966,0
DA:967,0
DA:968,0
DA:969,0
DA:970,0
DA:971,0
DA:972,0
DA:973,0
DA:974,0
DA:975,1
DA:976,1
DA:977,1
DA:978,1
DA:979,1
DA:980,1
DA:981,1
DA:982,1
DA:983,1
DA:984,1
DA:985,1
DA:986,1
DA:987,0
DA:988,0
DA:989,0
DA:990,0
DA:991,0
DA:992,0
DA:993,0
DA:994,0
DA:995,0
DA:996,0
DA:997,1
DA:998,1
DA:999,0
DA:1000,0
DA:1001,0
DA:1002,0
DA:1003,0
DA:1004,0
DA:1005,0
DA:1006,1
DA:1007,1
DA:1008,0
DA:1009,0
DA:1010,0
DA:1011,0
DA:1012,0
DA:1013,0
DA:1014,0
DA:1015,0
DA:1016,0
DA:1017,1
DA:1018,1
DA:1019,0
DA:1020,0
DA:1021,0
DA:1022,0
DA:1023,0
DA:1024,0
DA:1025,0
DA:1026,0
DA:1027,1
DA:1028,1
DA:1029,0
DA:1030,0
DA:1031,0
DA:1032,0
DA:1033,0
DA:1034,1
DA:1035,1
DA:1036,0
DA:1037,0
DA:1038,0
DA:1039,0
DA:1040,0
DA:1041,0
DA:1042,0
DA:1043,0
DA:1044,0
DA:1045,1
DA:1046,1
DA:1047,0
DA:1048,0
DA:1049,0
DA:1050,0
DA:1051,0
DA:1052,0
DA:1053,0
DA:1054,0
DA:1055,0
DA:1056,0
DA:1057,1
DA:1058,1
DA:1059,0
DA:1060,0
DA:1061,0
DA:1062,0
DA:1063,0
DA:1064,0
DA:1065,0
DA:1066,0
DA:1067,1
DA:1068,1
DA:1069,1
DA:1070,1
DA:1071,1
DA:1072,1
DA:1073,1
DA:1074,1
DA:1075,1
DA:1076,1
DA:1077,1
DA:1078,1
DA:1079,1
DA:1080,1
DA:1081,1
DA:1082,1
DA:1083,1
DA:1084,1
DA:1085,0
DA:1086,0
DA:1087,1
DA:1088,1
DA:1089,0
DA:1090,0
DA:1091,0
DA:1092,0
DA:1093,0
DA:1094,0
DA:1095,0
DA:1096,0
DA:1097,0
DA:1098,1
DA:1099,1
DA:1100,0
DA:1101,0
DA:1102,0
DA:1103,0
DA:1104,0
DA:1105,0
DA:1106,0
DA:1107,0
DA:1108,0
DA:1109,0
DA:1110,1
DA:1111,1
DA:1112,0
DA:1113,0
DA:1114,1
DA:1115,1
DA:1116,0
DA:1117,0
DA:1118,0
DA:1119,0
DA:1120,0
DA:1121,0
DA:1122,1
DA:1123,1
DA:1124,0
DA:1125,0
DA:1126,0
DA:1127,0
DA:1128,0
DA:1129,0
DA:1130,0
DA:1131,0
DA:1132,0
DA:1133,1
DA:1134,1
DA:1135,0
DA:1136,0
DA:1137,0
DA:1138,0
DA:1139,0
DA:1140,0
DA:1141,1
DA:1142,1
DA:1143,0
DA:1144,0
DA:1145,0
DA:1146,0
DA:1147,0
DA:1148,0
DA:1149,0
DA:1150,0
DA:1151,0
DA:1152,1
DA:1153,1
DA:1154,1
DA:1155,1
DA:1156,1
DA:1157,1
DA:1158,1
DA:1159,1
DA:1160,1
DA:1161,1
DA:1162,1
DA:1163,1
DA:1164,1
DA:1165,1
DA:1166,1
DA:1167,1
DA:1168,1
DA:1169,1
DA:1170,0
DA:1171,0
DA:1172,0
DA:1173,0
DA:1174,0
DA:1175,0
DA:1176,0
DA:1177,0
DA:1178,0
DA:1179,0
DA:1180,0
DA:1181,0
DA:1182,0
DA:1183,1
DA:1184,1
DA:1185,0
DA:1186,0
DA:1187,0
DA:1188,0
DA:1189,0
DA:1190,1
DA:1191,1
DA:1192,0
DA:1193,0
DA:1194,0
DA:1195,0
DA:1196,0
DA:1197,0
DA:1198,0
DA:1199,0
DA:1200,0
DA:1201,1
DA:1202,1
DA:1203,0
DA:1204,0
DA:1205,0
DA:1206,0
DA:1207,0
DA:1208,0
DA:1209,0
DA:1210,0
DA:1211,0
DA:1212,0
DA:1213,1
DA:1214,1
DA:1215,0
DA:1216,0
DA:1217,0
DA:1218,0
DA:1219,0
DA:1220,0
DA:1221,0
DA:1222,0
DA:1223,1
DA:1224,1
DA:1225,0
DA:1226,0
DA:1227,0
DA:1228,0
DA:1229,0
DA:1230,0
DA:1231,0
DA:1232,0
DA:1233,1
DA:1234,1
DA:1235,1
DA:1236,1
DA:1237,0
DA:1238,0
DA:1239,0
DA:1240,0
DA:1241,0
DA:1242,0
DA:1243,0
DA:1244,0
DA:1245,0
DA:1246,0
DA:1247,0
DA:1248,0
DA:1249,1
DA:1250,1
DA:1251,0
DA:1252,0
DA:1253,0
DA:1254,0
DA:1255,0
DA:1256,0
DA:1257,0
DA:1258,0
DA:1259,0
DA:1260,1
DA:1261,1
DA:1262,1
DA:1263,1
DA:1264,0
DA:1265,0
DA:1266,0
DA:1267,0
DA:1268,0
DA:1269,0
DA:1270,0
DA:1271,0
DA:1272,0
DA:1273,0
DA:1274,0
DA:1275,0
DA:1276,0
DA:1277,1
DA:1278,1
DA:1279,0
DA:1280,0
DA:1281,0
DA:1282,0
DA:1283,0
DA:1284,0
DA:1285,0
DA:1286,0
DA:1287,0
DA:1288,1
DA:1289,1
DA:1290,1
DA:1291,1
DA:1292,1
DA:1293,1
DA:1294,1
DA:1295,1
DA:1296,1
DA:1297,1
DA:1298,1
DA:1299,0
DA:1300,0
DA:1301,0
DA:1302,0
DA:1303,0
DA:1304,0
DA:1305,0
DA:1306,0
DA:1307,0
DA:1308,0
DA:1309,0
DA:1310,0
DA:1311,1
DA:1312,1
DA:1313,0
DA:1314,0
DA:1315,0
DA:1316,0
DA:1317,0
DA:1318,1
DA:1319,1
DA:1320,0
DA:1321,0
DA:1322,1
DA:1323,1
DA:1324,0
DA:1325,0
DA:1326,0
DA:1327,0
DA:1328,0
DA:1329,0
DA:1330,0
DA:1331,0
DA:1332,0
DA:1333,0
DA:1334,1
DA:1335,1
DA:1336,0
DA:1337,0
DA:1338,1
DA:1339,1
DA:1340,0
DA:1341,0
DA:1342,1
DA:1343,1
DA:1344,1
DA:1345,1
DA:1346,1
DA:1347,1
DA:1348,1
DA:1349,1
DA:1350,1
DA:1351,1
DA:1352,0
DA:1353,0
DA:1354,0
DA:1355,0
DA:1356,0
DA:1357,0
DA:1358,0
DA:1359,0
DA:1360,0
DA:1361,0
DA:1362,1
DA:1363,1
DA:1364,0
DA:1365,0
DA:1366,0
DA:1367,0
DA:1368,1
DA:1369,1
DA:1370,1
DA:1371,1
DA:1372,1
DA:1373,1
DA:1374,1
DA:1375,1
DA:1376,1
DA:1377,1
DA:1378,1
DA:1379,1
DA:1380,0
DA:1381,0
DA:1382,1
DA:1383,1
DA:1384,0
DA:1385,0
DA:1386,0
DA:1387,0
DA:1388,0
DA:1389,1
DA:1390,1
DA:1391,0
DA:1392,0
DA:1393,0
DA:1394,0
DA:1395,0
DA:1396,0
DA:1397,0
DA:1398,0
DA:1399,0
DA:1400,1
DA:1401,1
DA:1402,0
DA:1403,0
DA:1404,1
DA:1405,1
DA:1406,1
DA:1407,1
DA:1408,1
DA:1409,1
DA:1410,1
DA:1411,1
DA:1412,1
DA:1413,1
DA:1414,1
DA:1415,0
DA:1416,0
DA:1417,1
DA:1418,1
DA:1419,0
DA:1420,0
DA:1421,1
DA:1422,1
DA:1423,0
DA:1424,0
DA:1425,0
DA:1426,0
DA:1427,0
DA:1428,0
DA:1429,0
DA:1430,0
DA:1431,0
DA:1432,1
DA:1433,1
DA:1434,0
DA:1435,0
DA:1436,0
DA:1437,0
DA:1438,0
DA:1439,0
DA:1440,0
DA:1441,0
DA:1442,0
DA:1443,0
DA:1444,1
DA:1445,1
DA:1446,1
DA:1447,1
DA:1448,1
DA:1449,1
DA:1450,1
DA:1451,1
DA:1452,0
DA:1453,0
DA:1454,0
DA:1455,0
DA:1456,0
DA:1457,0
DA:1458,0
DA:1459,0
DA:1460,1
DA:1461,1
DA:1462,1
DA:1463,1
DA:1464,1
DA:1465,1
DA:1466,1
DA:1467,1
DA:1468,1
DA:1469,1
DA:1470,1
DA:1471,0
DA:1472,0
DA:1473,0
DA:1474,0
DA:1475,0
DA:1476,0
DA:1477,1
DA:1478,1
DA:1479,1
DA:1480,0
DA:1481,0
DA:1482,0
DA:1483,0
DA:1484,0
DA:1485,0
DA:1486,0
DA:1487,1
DA:1488,1
DA:1489,1
DA:1490,0
DA:1491,0
DA:1492,0
DA:1493,0
DA:1494,0
DA:1495,0
DA:1496,0
DA:1497,1
DA:1498,1
DA:1499,1
DA:1500,1
DA:1501,1
DA:1502,1
DA:1503,1
DA:1504,1
DA:1505,1
DA:1506,1
DA:1507,1
DA:1508,1
DA:1509,1
DA:1510,1
DA:1511,1
DA:1512,0
DA:1513,0
DA:1514,0
DA:1515,0
DA:1516,1
DA:1517,1
DA:1518,1
DA:1519,0
DA:1520,0
DA:1521,0
DA:1522,0
DA:1523,0
DA:1524,0
DA:1525,0
DA:1526,0
DA:1527,0
DA:1528,1
DA:1529,1
DA:1530,1
DA:1531,0
DA:1532,0
DA:1533,0
DA:1534,0
DA:1535,0
DA:1536,0
DA:1537,0
DA:1538,0
DA:1539,0
DA:1540,1
DA:1541,1
DA:1542,1
DA:1543,0
DA:1544,0
DA:1545,0
DA:1546,0
DA:1547,0
DA:1548,0
DA:1549,0
DA:1550,0
DA:1551,0
DA:1552,0
DA:1553,0
DA:1554,0
DA:1555,1
DA:1556,1
DA:1557,1
DA:1558,1
DA:1559,1
DA:1560,1
DA:1561,2
DA:1562,2
DA:1563,2
DA:1564,2
DA:1565,1
DA:1566,1
DA:1567,1
DA:1568,1
DA:1569,1
DA:1570,1
DA:1571,1
DA:1572,1
DA:1573,1
DA:1574,1
DA:1575,1
DA:1576,1
DA:1577,1
DA:1578,1
DA:1579,1
DA:1580,1
DA:1581,1
DA:1582,1
DA:1583,1
DA:1584,1
DA:1585,1
DA:1586,1
DA:1587,1
DA:1588,1
DA:1589,1
DA:1590,1
DA:1591,1
DA:1592,1
DA:1593,1
DA:1594,1
DA:1595,1
DA:1596,1
DA:1597,1
DA:1598,1
DA:1599,1
DA:1600,1
DA:1601,1
DA:1602,1
DA:1603,1
DA:1604,1
DA:1605,1
DA:1606,1
DA:1607,1
DA:1608,1
DA:1609,3
DA:1610,3
DA:1611,3
DA:1612,3
DA:1613,3
DA:1614,3
DA:1615,3
DA:1616,3
DA:1617,3
DA:1618,3
DA:1619,3
DA:1620,1
DA:1621,1
DA:1622,1
DA:1623,1
DA:1624,1
DA:1625,1
DA:1626,1
DA:1627,1
DA:1628,1
DA:1629,1
DA:1630,1
DA:1631,1
DA:1632,1
DA:1633,1
DA:1634,1
DA:1635,1
DA:1636,1
DA:1637,1
DA:1638,1
DA:1639,1
DA:1640,1
DA:1641,1
DA:1642,1
DA:1643,1
DA:1644,1
DA:1645,1
DA:1646,1
DA:1647,1
DA:1648,1
DA:1649,1
DA:1650,1
DA:1651,1
DA:1652,1
DA:1653,1
DA:1654,1
DA:1655,1
DA:1656,1
DA:1657,1
DA:1658,1
DA:1659,1
DA:1660,1
DA:1661,1
DA:1662,1
DA:1663,1
DA:1664,1
DA:1665,1
DA:1666,1
DA:1667,1
DA:1668,1
DA:1669,1
DA:1670,1
DA:1671,1
DA:1672,1
DA:1673,1
DA:1674,1
DA:1675,1
DA:1676,1
DA:1677,1
DA:1678,1
DA:1679,1
DA:1680,1
DA:1681,1
DA:1682,1
DA:1683,1
DA:1684,1
DA:1685,1
DA:1686,1
DA:1687,1
DA:1688,1
DA:1689,1
DA:1690,1
DA:1691,1
DA:1692,1
DA:1693,1
DA:1694,1
DA:1695,1
DA:1696,1
DA:1697,1
DA:1698,1
DA:1699,1
DA:1700,1
DA:1701,1
DA:1702,1
DA:1703,1
DA:1704,1
DA:1705,1
DA:1706,1
DA:1707,1
DA:1708,1
DA:1709,1
DA:1710,1
DA:1711,1
DA:1712,1
DA:1713,1
DA:1714,1
DA:1715,1
DA:1716,1
DA:1717,1
DA:1718,1
DA:1719,1
DA:1720,1
DA:1721,1
DA:1722,1
DA:1723,1
DA:1724,1
DA:1725,1
DA:1726,1
DA:1727,1
DA:1728,1
DA:1729,1
DA:1730,0
DA:1731,0
DA:1732,0
DA:1733,0
DA:1734,0
DA:1735,0
DA:1736,0
DA:1737,0
DA:1738,0
DA:1739,0
DA:1740,0
DA:1741,0
DA:1742,0
DA:1743,1
DA:1744,1
DA:1745,1
DA:1746,1
DA:1747,0
DA:1748,0
DA:1749,0
DA:1750,0
DA:1751,0
DA:1752,0
DA:1753,0
DA:1754,0
DA:1755,0
DA:1756,0
DA:1757,0
DA:1758,0
DA:1759,0
DA:1760,1
DA:1761,1
DA:1762,0
DA:1763,0
DA:1764,0
DA:1765,0
DA:1766,0
DA:1767,0
DA:1768,0
DA:1769,0
DA:1770,0
DA:1771,1
DA:1772,1
DA:1773,0
DA:1774,0
DA:1775,0
DA:1776,0
DA:1777,0
DA:1778,0
DA:1779,0
DA:1780,0
DA:1781,0
DA:1782,0
DA:1783,1
DA:1784,1
DA:1785,1
DA:1786,0
DA:1787,0
DA:1788,0
DA:1789,0
DA:1790,0
DA:1791,0
DA:1792,0
DA:1793,0
DA:1794,1
DA:1795,1
DA:1796,1
DA:1797,0
DA:1798,0
DA:1799,0
DA:1800,0
DA:1801,0
DA:1802,0
DA:1803,0
DA:1804,0
DA:1805,1
DA:1806,1
DA:1807,1
DA:1808,0
DA:1809,0
DA:1810,0
DA:1811,0
DA:1812,0
DA:1813,0
DA:1814,0
DA:1815,0
DA:1816,1
DA:1817,1
DA:1818,1
DA:1819,1
DA:1820,1
DA:1821,0
DA:1822,0
DA:1823,0
DA:1824,0
DA:1825,0
DA:1826,0
DA:1827,0
DA:1828,0
DA:1829,0
DA:1830,1
DA:1831,1
DA:1832,0
DA:1833,0
DA:1834,0
DA:1835,0
DA:1836,0
DA:1837,0
DA:1838,0
DA:1839,0
DA:1840,1
DA:1841,1
DA:1842,1
DA:1843,1
DA:1844,0
DA:1845,0
DA:1846,0
DA:1847,0
DA:1848,0
DA:1849,0
DA:1850,0
DA:1851,0
DA:1852,1
DA:1853,1
DA:1854,0
DA:1855,0
DA:1856,0
DA:1857,0
DA:1858,0
DA:1859,0
DA:1860,0
DA:1861,0
DA:1862,0
DA:1863,1
DA:1864,1
DA:1865,1
DA:1866,1
DA:1867,0
DA:1868,0
DA:1869,0
DA:1870,0
DA:1871,0
DA:1872,0
DA:1873,0
DA:1874,0
LF:1874
LH:995
BRDA:21,0,0,3
BRDA:22,1,0,0
BRDA:25,2,0,0
BRDA:39,3,0,22
BRDA:42,4,0,4
BRDA:42,5,0,21
BRDA:42,6,0,18
BRDA:44,7,0,16
BRDA:45,8,0,16
BRDA:47,9,0,9
BRDA:60,10,0,30
BRDA:61,11,0,21
BRDA:61,12,0,27
BRDA:61,13,0,9
BRDA:62,14,0,1
BRDA:62,15,0,8
BRDA:65,16,0,0
BRDA:66,17,0,0
BRDA:78,18,0,26
BRDA:88,19,0,1
BRDA:88,20,0,25
BRDA:97,21,0,8
BRDA:98,22,0,1
BRDA:98,23,0,7
BRDA:104,24,0,0
BRDA:285,25,0,6
BRDA:292,26,0,2
BRDA:294,27,0,9
BRDA:295,28,0,8
BRDA:297,29,0,1
BRDA:300,30,0,4
BRDA:303,31,0,16
BRDA:305,32,0,4
BRDA:306,33,0,1
BRDA:306,34,0,4
BRDA:307,35,0,2
BRDA:307,36,0,4
BRDA:311,37,0,2
BRDA:322,38,0,1
BRDA:722,39,0,8
BRDA:723,40,0,0
BRDA:727,41,0,0
BRDA:731,42,0,0
BRDA:759,43,0,3
BRDA:768,44,0,2
BRDA:778,45,0,2
BRDA:788,46,0,2
BRDA:798,47,0,2
BRDA:1560,48,0,2
BRDA:1581,49,0,1
BRDA:1592,50,0,1
BRDA:1608,51,0,3
BRDA:1622,52,0,1
BRDA:1635,53,0,1
BRDA:1646,54,0,1
BRDA:1662,55,0,1
BRDA:1676,56,0,1
BRDA:1687,57,0,1
BRDA:1703,58,0,1
BRF:59
BRH:51
end_of_record
TN:
SF:lib/utils.ts
FN:4,cn
FNF:1
FNH:1
FNDA:1447,cn
DA:1,1
DA:2,1
DA:3,1
DA:4,1
DA:5,1447
DA:6,1447
LF:6
LH:6
BRDA:4,0,0,1447
BRF:1
BRH:1
end_of_record
TN:
SF:types/customer-detail.ts
FN:188,getFitnessGoalLabel
FNF:1
FNH:1
FNDA:45,getFitnessGoalLabel
DA:1,1
DA:2,1
DA:3,1
DA:4,1
DA:5,1
DA:6,1
DA:7,1
DA:8,1
DA:9,1
DA:10,1
DA:11,1
DA:12,1
DA:13,1
DA:14,1
DA:15,1
DA:16,1
DA:17,1
DA:18,1
DA:19,1
DA:20,1
DA:21,1
DA:22,1
DA:23,1
DA:24,1
DA:25,1
DA:26,1
DA:27,1
DA:28,1
DA:29,1
DA:30,1
DA:31,1
DA:32,1
DA:33,1
DA:34,1
DA:35,1
DA:36,1
DA:37,1
DA:38,1
DA:39,1
DA:40,1
DA:41,1
DA:42,1
DA:43,1
DA:44,1
DA:45,1
DA:46,1
DA:47,1
DA:48,1
DA:49,1
DA:50,1
DA:51,1
DA:52,1
DA:53,1
DA:54,1
DA:55,1
DA:56,1
DA:57,1
DA:58,1
DA:59,1
DA:60,1
DA:61,1
DA:62,1
DA:63,1
DA:64,1
DA:65,1
DA:66,1
DA:67,1
DA:68,1
DA:69,1
DA:70,1
DA:71,1
DA:72,1
DA:73,1
DA:74,1
DA:75,1
DA:76,1
DA:77,1
DA:78,1
DA:79,1
DA:80,1
DA:81,1
DA:82,1
DA:83,1
DA:84,1
DA:85,1
DA:86,1
DA:87,1
DA:88,1
DA:89,1
DA:90,1
DA:91,1
DA:92,1
DA:93,1
DA:94,1
DA:95,1
DA:96,1
DA:97,1
DA:98,1
DA:99,1
DA:100,1
DA:101,1
DA:102,1
DA:103,1
DA:104,1
DA:105,1
DA:106,1
DA:107,1
DA:108,1
DA:109,1
DA:110,1
DA:111,1
DA:112,1
DA:113,1
DA:114,1
DA:115,1
DA:116,1
DA:117,1
DA:118,1
DA:119,1
DA:120,1
DA:121,1
DA:122,1
DA:123,1
DA:124,1
DA:125,1
DA:126,1
DA:127,1
DA:128,1
DA:129,1
DA:130,1
DA:131,1
DA:132,1
DA:133,1
DA:134,1
DA:135,1
DA:136,1
DA:137,1
DA:138,1
DA:139,1
DA:140,1
DA:141,1
DA:142,1
DA:143,1
DA:144,1
DA:145,1
DA:146,1
DA:147,1
DA:148,1
DA:149,1
DA:150,1
DA:151,1
DA:152,1
DA:153,1
DA:154,1
DA:155,1
DA:156,1
DA:157,1
DA:158,1
DA:159,1
DA:160,1
DA:161,1
DA:162,1
DA:163,1
DA:164,1
DA:165,1
DA:166,1
DA:167,1
DA:168,1
DA:169,1
DA:170,1
DA:171,1
DA:172,1
DA:173,1
DA:174,1
DA:175,1
DA:176,1
DA:177,1
DA:178,1
DA:179,1
DA:180,1
DA:181,1
DA:182,1
DA:183,1
DA:184,1
DA:185,1
DA:186,1
DA:187,1
DA:188,1
DA:189,45
DA:190,45
LF:190
LH:190
BRDA:188,0,0,45
BRDA:189,1,0,0
BRF:2
BRH:1
end_of_record
TN:
SF:types/notification.ts
FN:56,getNotificationStatusMeta
FN:74,getNotificationTypeLabel
FNF:2
FNH:2
FNDA:8,getNotificationStatusMeta
FNDA:8,getNotificationTypeLabel
DA:1,1
DA:2,1
DA:3,1
DA:4,1
DA:5,1
DA:6,1
DA:7,1
DA:8,1
DA:9,1
DA:10,1
DA:11,1
DA:12,1
DA:13,1
DA:14,1
DA:15,1
DA:16,1
DA:17,1
DA:18,1
DA:19,1
DA:20,1
DA:21,1
DA:22,1
DA:23,1
DA:24,1
DA:25,1
DA:26,1
DA:27,1
DA:28,1
DA:29,1
DA:30,1
DA:31,1
DA:32,1
DA:33,1
DA:34,1
DA:35,1
DA:36,1
DA:37,1
DA:38,1
DA:39,1
DA:40,1
DA:41,1
DA:42,1
DA:43,1
DA:44,1
DA:45,1
DA:46,1
DA:47,1
DA:48,1
DA:49,1
DA:50,1
DA:51,1
DA:52,1
DA:53,1
DA:54,1
DA:55,1
DA:56,1
DA:57,8
DA:58,8
DA:59,8
DA:60,8
DA:61,4
DA:62,8
DA:63,2
DA:64,8
DA:65,1
DA:66,8
DA:67,1
DA:68,8
DA:69,0
DA:70,8
DA:71,8
DA:72,1
DA:73,1
DA:74,1
DA:75,8
DA:76,8
DA:77,5
DA:78,8
DA:79,1
DA:80,8
DA:81,1
DA:82,8
DA:83,1
DA:84,8
DA:85,0
DA:86,8
DA:87,8
LF:87
LH:85
BRDA:56,0,0,8
BRDA:60,1,0,4
BRDA:62,2,0,2
BRDA:64,3,0,1
BRDA:66,4,0,1
BRDA:68,5,0,0
BRDA:74,6,0,8
BRDA:76,7,0,5
BRDA:78,8,0,1
BRDA:80,9,0,1
BRDA:82,10,0,1
BRDA:84,11,0,0
BRF:12
BRH:10
end_of_record
TN:
SF:types/razorpay.ts
FNF:0
FNH:0
DA:1,1
DA:2,1
DA:3,1
DA:4,1
DA:5,1
DA:6,1
DA:7,1
DA:8,1
DA:9,1
DA:10,1
DA:11,1
DA:12,1
DA:13,1
DA:14,1
DA:15,1
DA:16,1
DA:17,1
DA:18,1
DA:19,1
DA:20,1
DA:21,1
DA:22,1
DA:23,1
DA:24,1
DA:25,1
DA:26,1
DA:27,1
DA:28,1
DA:29,1
DA:30,1
DA:31,1
DA:32,1
DA:33,1
DA:34,1
DA:35,1
DA:36,1
DA:37,1
DA:38,1
DA:39,1
DA:40,1
DA:41,1
DA:42,1
DA:43,1
DA:44,1
DA:45,1
DA:46,1
DA:47,1
DA:48,1
DA:49,1
DA:50,1
DA:51,1
DA:52,1
DA:53,1
DA:54,1
DA:55,1
DA:56,1
DA:57,1
DA:58,1
DA:59,1
DA:60,1
DA:61,1
DA:62,1
DA:63,1
DA:64,1
DA:65,1
DA:66,1
DA:67,1
DA:68,1
DA:69,1
DA:70,1
DA:71,1
DA:72,1
DA:73,1
DA:74,1
DA:75,1
DA:76,1
DA:77,1
DA:78,1
DA:79,1
DA:80,1
DA:81,1
DA:82,1
DA:83,1
DA:84,1
DA:85,1
DA:86,1
DA:87,1
DA:88,1
DA:89,1
DA:90,1
DA:91,1
DA:92,1
DA:93,1
DA:94,1
DA:95,1
DA:96,1
DA:97,1
DA:98,1
DA:99,1
DA:100,1
DA:101,1
DA:102,1
DA:103,1
DA:104,1
DA:105,1
DA:106,1
DA:107,1
DA:108,1
DA:109,1
DA:110,1
DA:111,1
DA:112,1
DA:113,1
DA:114,1
DA:115,1
DA:116,1
DA:117,1
DA:118,1
DA:119,1
DA:120,1
DA:121,1
DA:122,1
DA:123,1
DA:124,1
DA:125,1
DA:126,1
DA:127,1
DA:128,1
DA:129,1
DA:130,1
DA:131,1
DA:132,1
DA:133,1
LF:133
LH:133
BRF:0
BRH:0
end_of_record
